2025-04-23 21:18:34,323 INFO:[MAIN] Starting Data sensor monitoring service...
2025-04-23 21:18:34,359 INFO: System observing every 5 minutes
2025-04-23 21:18:34,429 INFO: Website working as normal
2025-04-23 21:18:34,489 INFO:[MAIN] Starting Camera monitoring service...
2025-04-23 21:18:34,509 INFO:[DB CONFIG] Database configured: WFDS on 192.168.54.39
2025-04-23 21:18:34,750 INFO:[FLASK] Server started.
2025-04-23 21:18:35,620 INFO:[31m[1mWARNING: This is a development server. Do not use it in a production deployment. Use a production WSGI server instead.[0m
 * Running on all addresses (0.0.0.0)
 * Running on http://127.0.0.1:5000
 * Running on http://192.168.54.39:5000
2025-04-23 21:18:35,620 INFO:[33mPress CTRL+C to quit[0m
2025-04-23 21:23:29,219 INFO:[CAPTURE] Saved: image_SocSon_2025-04-23_21-23-29_Goc_0.0_Huong_0.0_Zoom_1.0.jpg
2025-04-23 21:23:29,275 INFO:[PTZ] Moved to 15.0°
2025-04-23 21:23:34,515 INFO: Website working as normal
2025-04-23 21:28:29,313 INFO:[CAPTURE] Saved: image_SocSon_2025-04-23_21-28-29_Goc_30.0_Huong_0.0_Zoom_1.0.jpg
2025-04-23 21:28:29,385 INFO:[PTZ] Moved to 45.0°
2025-04-23 21:28:34,601 INFO: Website working as normal
2025-04-23 21:33:00,007 INFO:SENSOR DATA By Hour Check : 23/04/2025 21:33:00
2025-04-23 21:33:04,517 INFO:SENSOR DATA By Hour Last update : 23/04/2025 21:33:00
2025-04-23 21:33:29,277 INFO:[CAPTURE] Saved: image_SocSon_2025-04-23_21-33-29_Goc_60.0_Huong_0.0_Zoom_1.0.jpg
2025-04-23 21:33:29,342 INFO:[PTZ] Moved to 75.0°
2025-04-23 21:33:34,707 INFO: Website working as normal
2025-04-23 21:38:29,328 INFO:[CAPTURE] Saved: image_SocSon_2025-04-23_21-38-29_Goc_90.0_Huong_0.0_Zoom_1.0.jpg
2025-04-23 21:38:29,398 INFO:[PTZ] Moved to 105.0°
2025-04-23 21:38:34,773 INFO: Website working as normal
2025-04-23 21:43:29,262 INFO:[CAPTURE] Saved: image_SocSon_2025-04-23_21-43-29_Goc_120.0_Huong_0.0_Zoom_1.0.jpg
2025-04-23 21:43:29,321 INFO:[PTZ] Moved to 135.0°
2025-04-23 21:43:34,824 INFO: Website working as normal
2025-04-23 21:48:00,000 INFO:SENSOR DATA By Hour Check : 23/04/2025 21:48:00
2025-04-23 21:48:04,247 INFO:SENSOR DATA By Hour Last update : 23/04/2025 21:48:00
2025-04-23 21:48:29,235 INFO:[CAPTURE] Saved: image_SocSon_2025-04-23_21-48-29_Goc_150.0_Huong_0.0_Zoom_1.0.jpg
2025-04-23 21:48:29,305 INFO:[PTZ] Moved to 165.0°
2025-04-23 21:48:34,870 INFO: Website working as normal
2025-04-23 21:53:29,247 INFO:[CAPTURE] Saved: image_SocSon_2025-04-23_21-53-29_Goc_180.0_Huong_0.0_Zoom_1.0.jpg
2025-04-23 21:53:29,296 INFO:[PTZ] Moved to 195.0°
2025-04-23 21:53:34,936 INFO: Website working as normal
2025-04-23 21:58:29,227 INFO:[CAPTURE] Saved: image_SocSon_2025-04-23_21-58-29_Goc_210.0_Huong_0.0_Zoom_1.0.jpg
2025-04-23 21:58:29,286 INFO:[PTZ] Moved to 225.0°
2025-04-23 21:58:34,991 INFO: Website working as normal
2025-04-23 22:00:00,000 INFO:SENSOR DATA By Hour Check : 23/04/2025 22:00:00
2025-04-23 22:00:04,970 INFO:SENSOR DATA By Hour Last update : 23/04/2025 22:00:00
2025-04-23 22:03:29,262 INFO:[CAPTURE] Saved: image_SocSon_2025-04-23_22-03-29_Goc_240.0_Huong_0.0_Zoom_1.0.jpg
2025-04-23 22:03:29,302 INFO:[PTZ] Moved to 255.0°
2025-04-23 22:03:35,032 INFO: Website working as normal
2025-04-23 22:08:29,250 INFO:[CAPTURE] Saved: image_SocSon_2025-04-23_22-08-29_Goc_270.0_Huong_0.0_Zoom_1.0.jpg
2025-04-23 22:08:29,293 INFO:[PTZ] Moved to 285.0°
2025-04-23 22:08:35,078 INFO: Website working as normal
2025-04-23 22:13:29,269 INFO:[CAPTURE] Saved: image_SocSon_2025-04-23_22-13-29_Goc_300.0_Huong_0.0_Zoom_1.0.jpg
2025-04-23 22:13:29,308 INFO:[PTZ] Moved to 315.0°
2025-04-23 22:13:35,159 INFO: Website working as normal
2025-04-23 22:15:00,003 INFO:SENSOR DATA By Hour Check : 23/04/2025 22:15:00
2025-04-23 22:15:04,893 INFO:SENSOR DATA By Hour Last update : 23/04/2025 22:15:00
2025-04-23 22:18:29,270 INFO:[CAPTURE] Saved: image_SocSon_2025-04-23_22-18-29_Goc_330.0_Huong_0.0_Zoom_1.0.jpg
2025-04-23 22:18:29,330 INFO:[PTZ] Moved to 345.0°
2025-04-23 22:18:35,225 INFO: Website working as normal
2025-04-23 22:23:29,251 INFO:[CAPTURE] Saved: image_SocSon_2025-04-23_22-23-29_Goc_0.0_Huong_0.0_Zoom_1.0.jpg
2025-04-23 22:23:29,331 INFO:[PTZ] Moved to 15.0°
2025-04-23 22:23:35,276 INFO: Website working as normal
2025-04-23 22:28:29,254 INFO:[CAPTURE] Saved: image_SocSon_2025-04-23_22-28-29_Goc_30.0_Huong_0.0_Zoom_1.0.jpg
2025-04-23 22:28:29,322 INFO:[PTZ] Moved to 45.0°
2025-04-23 22:28:35,333 INFO: Website working as normal
2025-04-23 22:30:00,001 INFO:SENSOR DATA By Hour Check : 23/04/2025 22:30:00
2025-04-23 22:30:04,471 INFO:SENSOR DATA By Hour Last update : 23/04/2025 22:30:00
2025-04-23 22:33:29,278 INFO:[CAPTURE] Saved: image_SocSon_2025-04-23_22-33-29_Goc_60.0_Huong_0.0_Zoom_1.0.jpg
2025-04-23 22:33:29,332 INFO:[PTZ] Moved to 75.0°
2025-04-23 22:33:35,378 INFO: Website working as normal
2025-04-23 22:38:29,388 INFO:[CAPTURE] Saved: image_SocSon_2025-04-23_22-38-29_Goc_90.0_Huong_0.0_Zoom_1.0.jpg
2025-04-23 22:38:29,444 INFO:[PTZ] Moved to 105.0°
2025-04-23 22:38:35,434 INFO: Website working as normal
2025-04-23 22:43:29,265 INFO:[CAPTURE] Saved: image_SocSon_2025-04-23_22-43-29_Goc_120.0_Huong_0.0_Zoom_1.0.jpg
2025-04-23 22:43:29,310 INFO:[PTZ] Moved to 135.0°
2025-04-23 22:43:35,495 INFO: Website working as normal
2025-04-23 22:45:00,003 INFO:SENSOR DATA By Hour Check : 23/04/2025 22:45:00
2025-04-23 22:45:04,628 INFO:SENSOR DATA By Hour Last update : 23/04/2025 22:45:00
2025-04-23 22:48:29,240 INFO:[CAPTURE] Saved: image_SocSon_2025-04-23_22-48-29_Goc_150.0_Huong_0.0_Zoom_1.0.jpg
2025-04-23 22:48:29,300 INFO:[PTZ] Moved to 165.0°
2025-04-23 22:48:35,581 INFO: Website working as normal
2025-04-23 22:53:29,224 INFO:[CAPTURE] Saved: image_SocSon_2025-04-23_22-53-29_Goc_180.0_Huong_0.0_Zoom_1.0.jpg
2025-04-23 22:53:29,266 INFO:[PTZ] Moved to 195.0°
2025-04-23 22:53:35,621 INFO: Website working as normal
2025-04-23 22:58:29,297 INFO:[CAPTURE] Saved: image_SocSon_2025-04-23_22-58-29_Goc_210.0_Huong_0.0_Zoom_1.0.jpg
2025-04-23 22:58:29,368 INFO:[PTZ] Moved to 225.0°
2025-04-23 22:58:35,694 INFO: Website working as normal
2025-04-23 23:00:00,001 INFO:SENSOR DATA By Hour Check : 23/04/2025 23:00:00
2025-04-23 23:00:04,746 INFO:SENSOR DATA By Hour Last update : 23/04/2025 23:00:00
2025-04-23 23:00:04,756 INFO:SENSOR DATA By Hour Check : 23/04/2025 23:00:04
2025-04-23 23:00:09,116 INFO:SENSOR DATA By Hour Last update : 23/04/2025 23:00:04
2025-04-23 23:03:29,323 INFO:[CAPTURE] Saved: image_SocSon_2025-04-23_23-03-29_Goc_240.0_Huong_0.0_Zoom_1.0.jpg
2025-04-23 23:03:29,388 INFO:[PTZ] Moved to 255.0°
2025-04-23 23:03:35,743 INFO: Website working as normal
2025-04-23 23:08:29,273 INFO:[CAPTURE] Saved: image_SocSon_2025-04-23_23-08-29_Goc_270.0_Huong_0.0_Zoom_1.0.jpg
2025-04-23 23:08:29,319 INFO:[PTZ] Moved to 285.0°
2025-04-23 23:08:35,804 INFO: Website working as normal
2025-04-23 23:13:29,315 INFO:[CAPTURE] Saved: image_SocSon_2025-04-23_23-13-29_Goc_300.0_Huong_0.0_Zoom_1.0.jpg
2025-04-23 23:13:29,362 INFO:[PTZ] Moved to 315.0°
2025-04-23 23:13:35,847 INFO: Website working as normal
2025-04-23 23:15:00,004 INFO:SENSOR DATA By Hour Check : 23/04/2025 23:15:00
2025-04-23 23:15:04,634 INFO:SENSOR DATA By Hour Last update : 23/04/2025 23:15:00
2025-04-23 23:18:29,301 INFO:[CAPTURE] Saved: image_SocSon_2025-04-23_23-18-29_Goc_330.0_Huong_0.0_Zoom_1.0.jpg
2025-04-23 23:18:29,691 INFO:[PTZ] Moved to 345.0°
2025-04-23 23:18:35,904 INFO: Website working as normal
2025-04-23 23:23:29,277 INFO:[CAPTURE] Saved: image_SocSon_2025-04-23_23-23-29_Goc_0.0_Huong_0.0_Zoom_1.0.jpg
2025-04-23 23:23:29,317 INFO:[PTZ] Moved to 15.0°
2025-04-23 23:23:35,952 INFO: Website working as normal
2025-04-23 23:28:29,198 INFO:[CAPTURE] Saved: image_SocSon_2025-04-23_23-28-29_Goc_30.0_Huong_0.0_Zoom_1.0.jpg
2025-04-23 23:28:29,243 INFO:[PTZ] Moved to 45.0°
2025-04-23 23:28:36,013 INFO: Website working as normal
2025-04-23 23:30:00,001 INFO:SENSOR DATA By Hour Check : 23/04/2025 23:30:00
2025-04-23 23:30:04,292 INFO:SENSOR DATA By Hour Last update : 23/04/2025 23:30:00
2025-04-23 23:33:29,309 INFO:[CAPTURE] Saved: image_SocSon_2025-04-23_23-33-29_Goc_60.0_Huong_0.0_Zoom_1.0.jpg
2025-04-23 23:33:29,351 INFO:[PTZ] Moved to 75.0°
2025-04-23 23:33:36,054 INFO: Website working as normal
2025-04-23 23:38:29,245 INFO:[CAPTURE] Saved: image_SocSon_2025-04-23_23-38-29_Goc_90.0_Huong_0.0_Zoom_1.0.jpg
2025-04-23 23:38:29,310 INFO:[PTZ] Moved to 105.0°
2025-04-23 23:38:36,110 INFO: Website working as normal
2025-04-23 23:43:29,253 INFO:[CAPTURE] Saved: image_SocSon_2025-04-23_23-43-29_Goc_120.0_Huong_0.0_Zoom_1.0.jpg
2025-04-23 23:43:29,306 INFO:[PTZ] Moved to 135.0°
2025-04-23 23:43:36,150 INFO: Website working as normal
2025-04-23 23:45:00,004 INFO:SENSOR DATA By Hour Check : 23/04/2025 23:45:00
2025-04-23 23:45:04,294 INFO:SENSOR DATA By Hour Last update : 23/04/2025 23:45:00
2025-04-23 23:48:29,219 INFO:[CAPTURE] Saved: image_SocSon_2025-04-23_23-48-29_Goc_150.0_Huong_0.0_Zoom_1.0.jpg
2025-04-23 23:48:29,277 INFO:[PTZ] Moved to 165.0°
2025-04-23 23:48:36,217 INFO: Website working as normal
2025-04-23 23:53:29,207 INFO:[CAPTURE] Saved: image_SocSon_2025-04-23_23-53-29_Goc_180.0_Huong_0.0_Zoom_1.0.jpg
2025-04-23 23:53:29,259 INFO:[PTZ] Moved to 195.0°
2025-04-23 23:53:36,282 INFO: Website working as normal
2025-04-23 23:58:29,230 INFO:[CAPTURE] Saved: image_SocSon_2025-04-23_23-58-29_Goc_210.0_Huong_0.0_Zoom_1.0.jpg
2025-04-23 23:58:29,277 INFO:[PTZ] Moved to 225.0°
2025-04-23 23:58:36,340 INFO: Website working as normal
2025-04-24 00:00:00,002 INFO:SENSOR DATA By Hour Check : 24/04/2025 00:00:00
2025-04-24 00:00:04,547 INFO:SENSOR DATA By Hour Last update : 24/04/2025 00:00:00
2025-04-24 00:00:04,547 INFO:SENSOR DATA By Hour Check : 24/04/2025 00:00:04
2025-04-24 00:00:09,097 INFO:SENSOR DATA By Hour Last update : 24/04/2025 00:00:04
2025-04-24 00:03:29,229 INFO:[CAPTURE] Saved: image_SocSon_2025-04-24_00-03-29_Goc_240.0_Huong_0.0_Zoom_1.0.jpg
2025-04-24 00:03:29,299 INFO:[PTZ] Moved to 255.0°
2025-04-24 00:03:36,389 INFO: Website working as normal
2025-04-24 00:08:29,310 INFO:[CAPTURE] Saved: image_SocSon_2025-04-24_00-08-29_Goc_270.0_Huong_0.0_Zoom_1.0.jpg
2025-04-24 00:08:29,365 INFO:[PTZ] Moved to 285.0°
2025-04-24 00:08:36,435 INFO: Website working as normal
2025-04-24 00:13:29,248 INFO:[CAPTURE] Saved: image_SocSon_2025-04-24_00-13-29_Goc_300.0_Huong_0.0_Zoom_1.0.jpg
2025-04-24 00:13:29,286 INFO:[PTZ] Moved to 315.0°
2025-04-24 00:13:36,496 INFO: Website working as normal
2025-04-24 00:15:00,000 INFO:SENSOR DATA By Hour Check : 24/04/2025 00:15:00
2025-04-24 00:15:04,465 INFO:SENSOR DATA By Hour Last update : 24/04/2025 00:15:00
2025-04-24 00:18:29,212 INFO:[CAPTURE] Saved: image_SocSon_2025-04-24_00-18-29_Goc_330.0_Huong_0.0_Zoom_1.0.jpg
2025-04-24 00:18:29,264 INFO:[PTZ] Moved to 345.0°
2025-04-24 00:18:36,552 INFO: Website working as normal
2025-04-24 00:23:29,222 INFO:[CAPTURE] Saved: image_SocSon_2025-04-24_00-23-29_Goc_0.0_Huong_0.0_Zoom_1.0.jpg
2025-04-24 00:23:29,283 INFO:[PTZ] Moved to 15.0°
2025-04-24 00:23:36,601 INFO: Website working as normal
2025-04-24 00:28:29,310 INFO:[CAPTURE] Saved: image_SocSon_2025-04-24_00-28-29_Goc_30.0_Huong_0.0_Zoom_1.0.jpg
2025-04-24 00:28:29,349 INFO:[PTZ] Moved to 45.0°
2025-04-24 00:28:36,657 INFO: Website working as normal
2025-04-24 00:30:00,002 INFO:SENSOR DATA By Hour Check : 24/04/2025 00:30:00
2025-04-24 00:30:04,532 INFO:SENSOR DATA By Hour Last update : 24/04/2025 00:30:00
2025-04-24 00:33:29,280 INFO:[CAPTURE] Saved: image_SocSon_2025-04-24_00-33-29_Goc_60.0_Huong_0.0_Zoom_1.0.jpg
2025-04-24 00:33:29,340 INFO:[PTZ] Moved to 75.0°
2025-04-24 00:33:36,699 INFO: Website working as normal
2025-04-24 00:38:29,245 INFO:[CAPTURE] Saved: image_SocSon_2025-04-24_00-38-29_Goc_90.0_Huong_0.0_Zoom_1.0.jpg
2025-04-24 00:38:29,296 INFO:[PTZ] Moved to 105.0°
2025-04-24 00:38:36,741 INFO: Website working as normal
2025-04-24 00:43:29,312 INFO:[CAPTURE] Saved: image_SocSon_2025-04-24_00-43-29_Goc_120.0_Huong_0.0_Zoom_1.0.jpg
2025-04-24 00:43:29,358 INFO:[PTZ] Moved to 135.0°
2025-04-24 00:43:36,787 INFO: Website working as normal
2025-04-24 00:45:00,000 INFO:SENSOR DATA By Hour Check : 24/04/2025 00:45:00
2025-04-24 00:45:04,430 INFO:SENSOR DATA By Hour Last update : 24/04/2025 00:45:00
2025-04-24 00:48:29,272 INFO:[CAPTURE] Saved: image_SocSon_2025-04-24_00-48-29_Goc_150.0_Huong_0.0_Zoom_1.0.jpg
2025-04-24 00:48:29,327 INFO:[PTZ] Moved to 165.0°
2025-04-24 00:48:36,848 INFO: Website working as normal
2025-04-24 00:53:29,193 INFO:[CAPTURE] Saved: image_SocSon_2025-04-24_00-53-29_Goc_180.0_Huong_0.0_Zoom_1.0.jpg
2025-04-24 00:53:29,233 INFO:[PTZ] Moved to 195.0°
2025-04-24 00:53:36,903 INFO: Website working as normal
2025-04-24 00:58:29,239 INFO:[CAPTURE] Saved: image_SocSon_2025-04-24_00-58-29_Goc_210.0_Huong_0.0_Zoom_1.0.jpg
2025-04-24 00:58:29,304 INFO:[PTZ] Moved to 225.0°
2025-04-24 00:58:36,959 INFO: Website working as normal
2025-04-24 01:00:00,003 INFO:SENSOR DATA By Hour Check : 24/04/2025 01:00:00
2025-04-24 01:00:04,538 INFO:SENSOR DATA By Hour Last update : 24/04/2025 01:00:00
2025-04-24 01:00:04,538 INFO:SENSOR DATA By Hour Check : 24/04/2025 01:00:04
2025-04-24 01:00:09,598 INFO:SENSOR DATA By Hour Last update : 24/04/2025 01:00:04
2025-04-24 01:00:35,338 ERROR:[PTZ ERROR] 500 Server Error: Internal Server Error for url: http://estecsocson.ddns.net:81/ISAPI/PTZCtrl/channels/1/Absolute
2025-04-24 01:03:29,225 INFO:[CAPTURE] Saved: image_SocSon_2025-04-24_01-03-29_Goc_240.0_Huong_0.0_Zoom_1.0.jpg
2025-04-24 01:03:29,275 INFO:[PTZ] Moved to 255.0°
2025-04-24 01:03:37,015 INFO: Website working as normal
2025-04-24 01:08:29,203 INFO:[CAPTURE] Saved: image_SocSon_2025-04-24_01-08-29_Goc_270.0_Huong_0.0_Zoom_1.0.jpg
2025-04-24 01:08:29,246 INFO:[PTZ] Moved to 285.0°
2025-04-24 01:08:37,056 INFO: Website working as normal
2025-04-24 01:13:29,272 INFO:[CAPTURE] Saved: image_SocSon_2025-04-24_01-13-29_Goc_300.0_Huong_0.0_Zoom_1.0.jpg
2025-04-24 01:13:29,312 INFO:[PTZ] Moved to 315.0°
2025-04-24 01:13:37,107 INFO: Website working as normal
2025-04-24 01:15:00,000 INFO:SENSOR DATA By Hour Check : 24/04/2025 01:15:00
2025-04-24 01:15:04,366 INFO:SENSOR DATA By Hour Last update : 24/04/2025 01:15:00
2025-04-24 01:18:29,297 INFO:[CAPTURE] Saved: image_SocSon_2025-04-24_01-18-29_Goc_330.0_Huong_0.0_Zoom_1.0.jpg
2025-04-24 01:18:29,344 INFO:[PTZ] Moved to 345.0°
2025-04-24 01:18:37,173 INFO: Website working as normal
2025-04-24 01:23:29,239 INFO:[CAPTURE] Saved: image_SocSon_2025-04-24_01-23-29_Goc_0.0_Huong_0.0_Zoom_1.0.jpg
2025-04-24 01:23:29,318 INFO:[PTZ] Moved to 15.0°
2025-04-24 01:23:37,239 INFO: Website working as normal
2025-04-24 01:28:29,395 INFO:[CAPTURE] Saved: image_SocSon_2025-04-24_01-28-29_Goc_30.0_Huong_0.0_Zoom_1.0.jpg
2025-04-24 01:28:29,435 INFO:[PTZ] Moved to 45.0°
2025-04-24 01:28:37,300 INFO: Website working as normal
2025-04-24 01:30:00,001 INFO:SENSOR DATA By Hour Check : 24/04/2025 01:30:00
2025-04-24 01:30:04,443 INFO:SENSOR DATA By Hour Last update : 24/04/2025 01:30:00
2025-04-24 01:33:29,350 INFO:[CAPTURE] Saved: image_SocSon_2025-04-24_01-33-29_Goc_60.0_Huong_0.0_Zoom_1.0.jpg
2025-04-24 01:33:29,391 INFO:[PTZ] Moved to 75.0°
2025-04-24 01:33:37,351 INFO: Website working as normal
2025-04-24 01:38:29,267 INFO:[CAPTURE] Saved: image_SocSon_2025-04-24_01-38-29_Goc_90.0_Huong_0.0_Zoom_1.0.jpg
2025-04-24 01:38:29,356 INFO:[PTZ] Moved to 105.0°
2025-04-24 01:38:37,392 INFO: Website working as normal
2025-04-24 01:43:29,232 INFO:[CAPTURE] Saved: image_SocSon_2025-04-24_01-43-29_Goc_120.0_Huong_0.0_Zoom_1.0.jpg
2025-04-24 01:43:29,277 INFO:[PTZ] Moved to 135.0°
2025-04-24 01:43:37,452 INFO: Website working as normal
2025-04-24 01:45:00,001 INFO:SENSOR DATA By Hour Check : 24/04/2025 01:45:00
2025-04-24 01:45:04,361 INFO:SENSOR DATA By Hour Last update : 24/04/2025 01:45:00
2025-04-24 01:48:29,250 INFO:[CAPTURE] Saved: image_SocSon_2025-04-24_01-48-29_Goc_150.0_Huong_0.0_Zoom_1.0.jpg
2025-04-24 01:48:29,303 INFO:[PTZ] Moved to 165.0°
2025-04-24 01:48:37,498 INFO: Website working as normal
2025-04-24 01:53:29,224 INFO:[CAPTURE] Saved: image_SocSon_2025-04-24_01-53-29_Goc_180.0_Huong_0.0_Zoom_1.0.jpg
2025-04-24 01:53:29,284 INFO:[PTZ] Moved to 195.0°
2025-04-24 01:53:37,569 INFO: Website working as normal
2025-04-24 01:58:29,257 INFO:[CAPTURE] Saved: image_SocSon_2025-04-24_01-58-29_Goc_210.0_Huong_0.0_Zoom_1.0.jpg
2025-04-24 01:58:29,298 INFO:[PTZ] Moved to 225.0°
2025-04-24 01:58:37,615 INFO: Website working as normal
2025-04-24 02:00:00,004 INFO:SENSOR DATA By Hour Check : 24/04/2025 02:00:00
2025-04-24 02:00:04,779 INFO:SENSOR DATA By Hour Last update : 24/04/2025 02:00:00
2025-04-24 02:00:04,779 INFO:SENSOR DATA By Hour Check : 24/04/2025 02:00:04
2025-04-24 02:00:09,269 INFO:SENSOR DATA By Hour Last update : 24/04/2025 02:00:04
2025-04-24 02:03:29,221 INFO:[CAPTURE] Saved: image_SocSon_2025-04-24_02-03-29_Goc_240.0_Huong_0.0_Zoom_1.0.jpg
2025-04-24 02:03:29,291 INFO:[PTZ] Moved to 255.0°
2025-04-24 02:03:37,666 INFO: Website working as normal
2025-04-24 02:08:29,257 INFO:[CAPTURE] Saved: image_SocSon_2025-04-24_02-08-29_Goc_270.0_Huong_0.0_Zoom_1.0.jpg
2025-04-24 02:08:29,312 INFO:[PTZ] Moved to 285.0°
2025-04-24 02:08:37,722 INFO: Website working as normal
2025-04-24 02:13:29,348 INFO:[CAPTURE] Saved: image_SocSon_2025-04-24_02-13-29_Goc_300.0_Huong_0.0_Zoom_1.0.jpg
2025-04-24 02:13:29,413 INFO:[PTZ] Moved to 315.0°
2025-04-24 02:13:37,768 INFO: Website working as normal
2025-04-24 02:15:00,002 INFO:SENSOR DATA By Hour Check : 24/04/2025 02:15:00
2025-04-24 02:15:04,826 INFO:SENSOR DATA By Hour Last update : 24/04/2025 02:15:00
2025-04-24 02:18:29,234 INFO:[CAPTURE] Saved: image_SocSon_2025-04-24_02-18-29_Goc_330.0_Huong_0.0_Zoom_1.0.jpg
2025-04-24 02:18:29,289 INFO:[PTZ] Moved to 345.0°
2025-04-24 02:18:37,804 INFO: Website working as normal
2025-04-24 02:23:29,280 INFO:[CAPTURE] Saved: image_SocSon_2025-04-24_02-23-29_Goc_0.0_Huong_0.0_Zoom_1.0.jpg
2025-04-24 02:23:29,326 INFO:[PTZ] Moved to 15.0°
2025-04-24 02:23:37,860 INFO: Website working as normal
2025-04-24 02:28:29,206 INFO:[CAPTURE] Saved: image_SocSon_2025-04-24_02-28-29_Goc_30.0_Huong_0.0_Zoom_1.0.jpg
2025-04-24 02:28:29,247 INFO:[PTZ] Moved to 45.0°
2025-04-24 02:28:37,910 INFO: Website working as normal
2025-04-24 02:30:00,001 INFO:SENSOR DATA By Hour Check : 24/04/2025 02:30:00
2025-04-24 02:30:04,374 INFO:SENSOR DATA By Hour Last update : 24/04/2025 02:30:00
2025-04-24 02:33:29,267 INFO:[CAPTURE] Saved: image_SocSon_2025-04-24_02-33-29_Goc_60.0_Huong_0.0_Zoom_1.0.jpg
2025-04-24 02:33:29,327 INFO:[PTZ] Moved to 75.0°
2025-04-24 02:33:37,977 INFO: Website working as normal
2025-04-24 02:38:29,259 INFO:[CAPTURE] Saved: image_SocSon_2025-04-24_02-38-29_Goc_90.0_Huong_0.0_Zoom_1.0.jpg
2025-04-24 02:38:29,318 INFO:[PTZ] Moved to 105.0°
2025-04-24 02:38:38,007 INFO: Website working as normal
2025-04-24 02:43:29,264 INFO:[CAPTURE] Saved: image_SocSon_2025-04-24_02-43-29_Goc_120.0_Huong_0.0_Zoom_1.0.jpg
2025-04-24 02:43:29,303 INFO:[PTZ] Moved to 135.0°
2025-04-24 02:43:38,088 INFO: Website working as normal
2025-04-24 02:45:00,002 INFO:SENSOR DATA By Hour Check : 24/04/2025 02:45:00
2025-04-24 02:45:04,722 INFO:SENSOR DATA By Hour Last update : 24/04/2025 02:45:00
2025-04-24 02:48:29,260 INFO:[CAPTURE] Saved: image_SocSon_2025-04-24_02-48-29_Goc_150.0_Huong_0.0_Zoom_1.0.jpg
2025-04-24 02:48:29,323 INFO:[PTZ] Moved to 165.0°
2025-04-24 02:48:38,144 INFO: Website working as normal
2025-04-24 02:53:29,345 INFO:[CAPTURE] Saved: image_SocSon_2025-04-24_02-53-29_Goc_180.0_Huong_0.0_Zoom_1.0.jpg
2025-04-24 02:53:29,395 INFO:[PTZ] Moved to 195.0°
2025-04-24 02:53:38,210 INFO: Website working as normal
2025-04-24 02:58:29,283 INFO:[CAPTURE] Saved: image_SocSon_2025-04-24_02-58-29_Goc_210.0_Huong_0.0_Zoom_1.0.jpg
2025-04-24 02:58:29,336 INFO:[PTZ] Moved to 225.0°
2025-04-24 02:58:38,266 INFO: Website working as normal
2025-04-24 03:00:00,000 INFO:SENSOR DATA By Hour Check : 24/04/2025 03:00:00
2025-04-24 03:00:04,650 INFO:SENSOR DATA By Hour Last update : 24/04/2025 03:00:00
2025-04-24 03:00:04,650 INFO:SENSOR DATA By Hour Check : 24/04/2025 03:00:04
2025-04-24 03:00:08,804 INFO:SENSOR DATA By Hour Last update : 24/04/2025 03:00:04
2025-04-24 03:03:29,282 INFO:[CAPTURE] Saved: image_SocSon_2025-04-24_03-03-29_Goc_240.0_Huong_0.0_Zoom_1.0.jpg
2025-04-24 03:03:29,332 INFO:[PTZ] Moved to 255.0°
2025-04-24 03:03:38,318 INFO: Website working as normal
2025-04-24 03:08:29,256 INFO:[CAPTURE] Saved: image_SocSon_2025-04-24_03-08-29_Goc_270.0_Huong_0.0_Zoom_1.0.jpg
2025-04-24 03:08:29,298 INFO:[PTZ] Moved to 285.0°
2025-04-24 03:08:38,383 INFO: Website working as normal
2025-04-24 03:13:29,209 INFO:[CAPTURE] Saved: image_SocSon_2025-04-24_03-13-29_Goc_300.0_Huong_0.0_Zoom_1.0.jpg
2025-04-24 03:13:29,274 INFO:[PTZ] Moved to 315.0°
2025-04-24 03:13:38,439 INFO: Website working as normal
2025-04-24 03:15:00,007 INFO:SENSOR DATA By Hour Check : 24/04/2025 03:15:00
2025-04-24 03:15:04,438 INFO:SENSOR DATA By Hour Last update : 24/04/2025 03:15:00
2025-04-24 03:18:29,265 INFO:[CAPTURE] Saved: image_SocSon_2025-04-24_03-18-29_Goc_330.0_Huong_0.0_Zoom_1.0.jpg
2025-04-24 03:18:29,335 INFO:[PTZ] Moved to 345.0°
2025-04-24 03:18:38,494 INFO: Website working as normal
2025-04-24 03:23:29,251 INFO:[CAPTURE] Saved: image_SocSon_2025-04-24_03-23-29_Goc_0.0_Huong_0.0_Zoom_1.0.jpg
2025-04-24 03:23:29,291 INFO:[PTZ] Moved to 15.0°
2025-04-24 03:23:38,556 INFO: Website working as normal
2025-04-24 03:28:29,227 INFO:[CAPTURE] Saved: image_SocSon_2025-04-24_03-28-29_Goc_30.0_Huong_0.0_Zoom_1.0.jpg
2025-04-24 03:28:29,287 INFO:[PTZ] Moved to 45.0°
2025-04-24 03:28:38,612 INFO: Website working as normal
2025-04-24 03:30:00,001 INFO:SENSOR DATA By Hour Check : 24/04/2025 03:30:00
2025-04-24 03:30:04,345 INFO:SENSOR DATA By Hour Last update : 24/04/2025 03:30:00
2025-04-24 03:33:29,238 INFO:[CAPTURE] Saved: image_SocSon_2025-04-24_03-33-29_Goc_60.0_Huong_0.0_Zoom_1.0.jpg
2025-04-24 03:33:29,283 INFO:[PTZ] Moved to 75.0°
2025-04-24 03:33:38,657 INFO: Website working as normal
2025-04-24 03:38:29,214 INFO:[CAPTURE] Saved: image_SocSon_2025-04-24_03-38-29_Goc_90.0_Huong_0.0_Zoom_1.0.jpg
2025-04-24 03:38:29,259 INFO:[PTZ] Moved to 105.0°
2025-04-24 03:38:38,723 INFO: Website working as normal
2025-04-24 03:43:29,315 INFO:[CAPTURE] Saved: image_SocSon_2025-04-24_03-43-29_Goc_120.0_Huong_0.0_Zoom_1.0.jpg
2025-04-24 03:43:29,375 INFO:[PTZ] Moved to 135.0°
2025-04-24 03:43:38,765 INFO: Website working as normal
2025-04-24 03:45:00,001 INFO:SENSOR DATA By Hour Check : 24/04/2025 03:45:00
2025-04-24 03:45:04,733 INFO:SENSOR DATA By Hour Last update : 24/04/2025 03:45:00
2025-04-24 03:48:29,220 INFO:[CAPTURE] Saved: image_SocSon_2025-04-24_03-48-29_Goc_150.0_Huong_0.0_Zoom_1.0.jpg
2025-04-24 03:48:29,291 INFO:[PTZ] Moved to 165.0°
2025-04-24 03:48:38,830 INFO: Website working as normal
2025-04-24 03:53:29,232 INFO:[CAPTURE] Saved: image_SocSon_2025-04-24_03-53-29_Goc_180.0_Huong_0.0_Zoom_1.0.jpg
2025-04-24 03:53:29,287 INFO:[PTZ] Moved to 195.0°
2025-04-24 03:53:38,886 INFO: Website working as normal
2025-04-24 03:58:29,273 INFO:[CAPTURE] Saved: image_SocSon_2025-04-24_03-58-29_Goc_210.0_Huong_0.0_Zoom_1.0.jpg
2025-04-24 03:58:29,337 INFO:[PTZ] Moved to 225.0°
2025-04-24 03:58:38,947 INFO: Website working as normal
2025-04-24 04:00:00,001 INFO:SENSOR DATA By Hour Check : 24/04/2025 04:00:00
2025-04-24 04:00:04,852 INFO:SENSOR DATA By Hour Last update : 24/04/2025 04:00:00
2025-04-24 04:00:04,852 INFO:SENSOR DATA By Hour Check : 24/04/2025 04:00:04
2025-04-24 04:00:09,231 INFO:SENSOR DATA By Hour Last update : 24/04/2025 04:00:04
2025-04-24 04:03:29,198 INFO:[CAPTURE] Saved: image_SocSon_2025-04-24_04-03-29_Goc_240.0_Huong_0.0_Zoom_1.0.jpg
2025-04-24 04:03:29,263 INFO:[PTZ] Moved to 255.0°
2025-04-24 04:03:39,013 INFO: Website working as normal
2025-04-24 04:08:29,194 INFO:[CAPTURE] Saved: image_SocSon_2025-04-24_04-08-29_Goc_270.0_Huong_0.0_Zoom_1.0.jpg
2025-04-24 04:08:29,268 INFO:[PTZ] Moved to 285.0°
2025-04-24 04:08:39,071 INFO: Website working as normal
2025-04-24 04:13:29,250 INFO:[CAPTURE] Saved: image_SocSon_2025-04-24_04-13-29_Goc_300.0_Huong_0.0_Zoom_1.0.jpg
2025-04-24 04:13:29,293 INFO:[PTZ] Moved to 315.0°
2025-04-24 04:13:39,120 INFO: Website working as normal
2025-04-24 04:15:00,004 INFO:SENSOR DATA By Hour Check : 24/04/2025 04:15:00
2025-04-24 04:15:04,749 INFO:SENSOR DATA By Hour Last update : 24/04/2025 04:15:00
2025-04-24 04:18:29,329 INFO:[CAPTURE] Saved: image_SocSon_2025-04-24_04-18-29_Goc_330.0_Huong_0.0_Zoom_1.0.jpg
2025-04-24 04:18:29,376 INFO:[PTZ] Moved to 345.0°
2025-04-24 04:18:39,166 INFO: Website working as normal
2025-04-24 04:23:29,232 INFO:[CAPTURE] Saved: image_SocSon_2025-04-24_04-23-29_Goc_0.0_Huong_0.0_Zoom_1.0.jpg
2025-04-24 04:23:29,297 INFO:[PTZ] Moved to 15.0°
2025-04-24 04:23:39,222 INFO: Website working as normal
2025-04-24 04:28:29,228 INFO:[CAPTURE] Saved: image_SocSon_2025-04-24_04-28-29_Goc_30.0_Huong_0.0_Zoom_1.0.jpg
2025-04-24 04:28:29,293 INFO:[PTZ] Moved to 45.0°
2025-04-24 04:28:39,263 INFO: Website working as normal
2025-04-24 04:30:00,007 INFO:SENSOR DATA By Hour Check : 24/04/2025 04:30:00
2025-04-24 04:30:04,697 INFO:SENSOR DATA By Hour Last update : 24/04/2025 04:30:00
2025-04-24 04:33:29,274 INFO:[CAPTURE] Saved: image_SocSon_2025-04-24_04-33-29_Goc_60.0_Huong_0.0_Zoom_1.0.jpg
2025-04-24 04:33:29,346 INFO:[PTZ] Moved to 75.0°
2025-04-24 04:33:39,329 INFO: Website working as normal
2025-04-24 04:38:29,251 INFO:[CAPTURE] Saved: image_SocSon_2025-04-24_04-38-29_Goc_90.0_Huong_0.0_Zoom_1.0.jpg
2025-04-24 04:38:29,300 INFO:[PTZ] Moved to 105.0°
2025-04-24 04:38:39,370 INFO: Website working as normal
2025-04-24 04:43:29,256 INFO:[CAPTURE] Saved: image_SocSon_2025-04-24_04-43-29_Goc_120.0_Huong_0.0_Zoom_1.0.jpg
2025-04-24 04:43:29,326 INFO:[PTZ] Moved to 135.0°
2025-04-24 04:43:39,407 INFO: Website working as normal
2025-04-24 04:45:00,000 INFO:SENSOR DATA By Hour Check : 24/04/2025 04:45:00
2025-04-24 04:45:04,585 INFO:SENSOR DATA By Hour Last update : 24/04/2025 04:45:00
2025-04-24 04:48:29,252 INFO:[CAPTURE] Saved: image_SocSon_2025-04-24_04-48-29_Goc_150.0_Huong_0.0_Zoom_1.0.jpg
2025-04-24 04:48:29,307 INFO:[PTZ] Moved to 165.0°
2025-04-24 04:48:39,456 INFO: Website working as normal
2025-04-24 04:53:29,208 INFO:[CAPTURE] Saved: image_SocSon_2025-04-24_04-53-29_Goc_180.0_Huong_0.0_Zoom_1.0.jpg
2025-04-24 04:53:29,250 INFO:[PTZ] Moved to 195.0°
2025-04-24 04:53:39,514 INFO: Website working as normal
2025-04-24 04:58:29,216 INFO:[CAPTURE] Saved: image_SocSon_2025-04-24_04-58-29_Goc_210.0_Huong_0.0_Zoom_1.0.jpg
2025-04-24 04:58:29,284 INFO:[PTZ] Moved to 225.0°
2025-04-24 04:58:39,574 INFO: Website working as normal
2025-04-24 05:00:00,003 INFO:SENSOR DATA By Hour Check : 24/04/2025 05:00:00
2025-04-24 05:00:04,702 INFO:SENSOR DATA By Hour Last update : 24/04/2025 05:00:00
2025-04-24 05:00:04,702 INFO:SENSOR DATA By Hour Check : 24/04/2025 05:00:04
2025-04-24 05:00:09,242 INFO:SENSOR DATA By Hour Last update : 24/04/2025 05:00:04
2025-04-24 05:03:29,230 INFO:[CAPTURE] Saved: image_SocSon_2025-04-24_05-03-29_Goc_240.0_Huong_0.0_Zoom_1.0.jpg
2025-04-24 05:03:29,275 INFO:[PTZ] Moved to 255.0°
2025-04-24 05:03:39,620 INFO: Website working as normal
2025-04-24 05:08:29,296 INFO:[CAPTURE] Saved: image_SocSon_2025-04-24_05-08-29_Goc_270.0_Huong_0.0_Zoom_1.0.jpg
2025-04-24 05:08:29,356 INFO:[PTZ] Moved to 285.0°
2025-04-24 05:08:39,686 INFO: Website working as normal
2025-04-24 05:13:29,294 INFO:[CAPTURE] Saved: image_SocSon_2025-04-24_05-13-29_Goc_300.0_Huong_0.0_Zoom_1.0.jpg
2025-04-24 05:13:29,332 INFO:[PTZ] Moved to 315.0°
2025-04-24 05:13:39,747 INFO: Website working as normal
2025-04-24 05:15:00,000 INFO:SENSOR DATA By Hour Check : 24/04/2025 05:15:00
2025-04-24 05:15:04,240 INFO:SENSOR DATA By Hour Last update : 24/04/2025 05:15:00
2025-04-24 05:18:29,181 INFO:[CAPTURE] Saved: image_SocSon_2025-04-24_05-18-29_Goc_330.0_Huong_0.0_Zoom_1.0.jpg
2025-04-24 05:18:29,232 INFO:[PTZ] Moved to 345.0°
2025-04-24 05:18:39,793 INFO: Website working as normal
2025-04-24 05:23:29,255 INFO:[CAPTURE] Saved: image_SocSon_2025-04-24_05-23-29_Goc_0.0_Huong_0.0_Zoom_1.0.jpg
2025-04-24 05:23:29,319 INFO:[PTZ] Moved to 15.0°
2025-04-24 05:23:39,854 INFO: Website working as normal
2025-04-24 05:28:29,320 INFO:[CAPTURE] Saved: image_SocSon_2025-04-24_05-28-29_Goc_30.0_Huong_0.0_Zoom_1.0.jpg
2025-04-24 05:28:29,360 INFO:[PTZ] Moved to 45.0°
2025-04-24 05:28:39,914 INFO: Website working as normal
2025-04-24 05:30:00,004 INFO:SENSOR DATA By Hour Check : 24/04/2025 05:30:00
2025-04-24 05:30:04,546 INFO:SENSOR DATA By Hour Last update : 24/04/2025 05:30:00
2025-04-24 05:33:29,200 INFO:[CAPTURE] Saved: image_SocSon_2025-04-24_05-33-29_Goc_60.0_Huong_0.0_Zoom_1.0.jpg
2025-04-24 05:33:29,256 INFO:[PTZ] Moved to 75.0°
2025-04-24 05:33:39,969 INFO: Website working as normal
2025-04-24 05:38:29,166 INFO:[CAPTURE] Saved: image_SocSon_2025-04-24_05-38-29_Goc_90.0_Huong_0.0_Zoom_1.0.jpg
2025-04-24 05:38:29,213 INFO:[PTZ] Moved to 105.0°
2025-04-24 05:38:40,021 INFO: Website working as normal
2025-04-24 05:43:29,172 INFO:[CAPTURE] Saved: image_SocSon_2025-04-24_05-43-29_Goc_120.0_Huong_0.0_Zoom_1.0.jpg
2025-04-24 05:43:29,252 INFO:[PTZ] Moved to 135.0°
2025-04-24 05:43:40,081 INFO: Website working as normal
2025-04-24 05:45:00,006 INFO:SENSOR DATA By Hour Check : 24/04/2025 05:45:00
2025-04-24 05:45:04,297 INFO:SENSOR DATA By Hour Last update : 24/04/2025 05:45:00
2025-04-24 05:48:29,093 INFO:[CAPTURE] Saved: image_SocSon_2025-04-24_05-48-29_Goc_150.0_Huong_0.0_Zoom_1.0.jpg
2025-04-24 05:48:29,133 INFO:[PTZ] Moved to 165.0°
2025-04-24 05:48:40,124 INFO: Website working as normal
2025-04-24 05:53:29,099 INFO:[CAPTURE] Saved: image_SocSon_2025-04-24_05-53-29_Goc_180.0_Huong_0.0_Zoom_1.0.jpg
2025-04-24 05:53:29,139 INFO:[PTZ] Moved to 195.0°
2025-04-24 05:53:40,175 INFO: Website working as normal
2025-04-24 05:58:29,216 INFO:[CAPTURE] Saved: image_SocSon_2025-04-24_05-58-29_Goc_210.0_Huong_0.0_Zoom_1.0.jpg
2025-04-24 05:58:29,280 INFO:[PTZ] Moved to 225.0°
2025-04-24 05:58:40,230 INFO: Website working as normal
2025-04-24 06:00:00,004 INFO:SENSOR DATA By Hour Check : 24/04/2025 06:00:00
2025-04-24 06:00:04,444 INFO:SENSOR DATA By Hour Last update : 24/04/2025 06:00:00
2025-04-24 06:00:04,444 INFO:SENSOR DATA By Hour Check : 24/04/2025 06:00:04
2025-04-24 06:00:08,934 INFO:SENSOR DATA By Hour Last update : 24/04/2025 06:00:04
2025-04-24 06:03:29,243 INFO:[CAPTURE] Saved: image_SocSon_2025-04-24_06-03-29_Goc_240.0_Huong_0.0_Zoom_1.0.jpg
2025-04-24 06:03:29,302 INFO:[PTZ] Moved to 255.0°
2025-04-24 06:03:40,286 INFO: Website working as normal
2025-04-24 06:08:29,297 INFO:[CAPTURE] Saved: image_SocSon_2025-04-24_06-08-29_Goc_270.0_Huong_0.0_Zoom_1.0.jpg
2025-04-24 06:08:29,347 INFO:[PTZ] Moved to 285.0°
2025-04-24 06:08:40,340 INFO: Website working as normal
2025-04-24 06:13:29,265 INFO:[CAPTURE] Saved: image_SocSon_2025-04-24_06-13-29_Goc_300.0_Huong_0.0_Zoom_1.0.jpg
2025-04-24 06:13:29,309 INFO:[PTZ] Moved to 315.0°
2025-04-24 06:13:40,403 INFO: Website working as normal
2025-04-24 06:15:00,002 INFO:SENSOR DATA By Hour Check : 24/04/2025 06:15:00
2025-04-24 06:15:04,602 INFO:SENSOR DATA By Hour Last update : 24/04/2025 06:15:00
2025-04-24 06:18:29,304 INFO:[CAPTURE] Saved: image_SocSon_2025-04-24_06-18-29_Goc_330.0_Huong_0.0_Zoom_1.0.jpg
2025-04-24 06:18:29,340 INFO:[PTZ] Moved to 345.0°
2025-04-24 06:18:40,459 INFO: Website working as normal
2025-04-24 06:23:29,226 INFO:[CAPTURE] Saved: image_SocSon_2025-04-24_06-23-29_Goc_0.0_Huong_0.0_Zoom_1.0.jpg
2025-04-24 06:23:29,275 INFO:[PTZ] Moved to 15.0°
2025-04-24 06:23:40,495 INFO: Website working as normal
2025-04-24 06:28:29,281 INFO:[CAPTURE] Saved: image_SocSon_2025-04-24_06-28-29_Goc_30.0_Huong_0.0_Zoom_1.0.jpg
2025-04-24 06:28:29,332 INFO:[PTZ] Moved to 45.0°
2025-04-24 06:28:40,536 INFO: Website working as normal
2025-04-24 06:30:00,000 INFO:SENSOR DATA By Hour Check : 24/04/2025 06:30:00
2025-04-24 06:30:04,970 INFO:SENSOR DATA By Hour Last update : 24/04/2025 06:30:00
2025-04-24 06:33:29,177 INFO:[CAPTURE] Saved: image_SocSon_2025-04-24_06-33-29_Goc_60.0_Huong_0.0_Zoom_1.0.jpg
2025-04-24 06:33:29,227 INFO:[PTZ] Moved to 75.0°
2025-04-24 06:33:40,587 INFO: Website working as normal
2025-04-24 06:38:29,173 INFO:[CAPTURE] Saved: image_SocSon_2025-04-24_06-38-29_Goc_90.0_Huong_0.0_Zoom_1.0.jpg
2025-04-24 06:38:29,213 INFO:[PTZ] Moved to 105.0°
2025-04-24 06:38:40,653 INFO: Website working as normal
2025-04-24 06:43:29,109 INFO:[CAPTURE] Saved: image_SocSon_2025-04-24_06-43-29_Goc_120.0_Huong_0.0_Zoom_1.0.jpg
2025-04-24 06:43:29,152 INFO:[PTZ] Moved to 135.0°
2025-04-24 06:43:40,719 INFO: Website working as normal
2025-04-24 06:45:00,000 INFO:SENSOR DATA By Hour Check : 24/04/2025 06:45:00
2025-04-24 06:45:04,348 INFO:SENSOR DATA By Hour Last update : 24/04/2025 06:45:00
2025-04-24 06:48:29,098 INFO:[CAPTURE] Saved: image_SocSon_2025-04-24_06-48-29_Goc_150.0_Huong_0.0_Zoom_1.0.jpg
2025-04-24 06:48:29,135 INFO:[PTZ] Moved to 165.0°
2025-04-24 06:48:40,775 INFO: Website working as normal
2025-04-24 06:53:29,131 INFO:[CAPTURE] Saved: image_SocSon_2025-04-24_06-53-29_Goc_180.0_Huong_0.0_Zoom_1.0.jpg
2025-04-24 06:53:29,181 INFO:[PTZ] Moved to 195.0°
2025-04-24 06:53:40,821 INFO: Website working as normal
2025-04-24 06:58:29,470 INFO:[CAPTURE] Saved: image_SocSon_2025-04-24_06-58-29_Goc_210.0_Huong_0.0_Zoom_1.0.jpg
2025-04-24 06:58:29,518 INFO:[PTZ] Moved to 225.0°
2025-04-24 06:58:40,882 INFO: Website working as normal
2025-04-24 07:00:00,001 INFO:SENSOR DATA By Hour Check : 24/04/2025 07:00:00
2025-04-24 07:00:04,306 INFO:SENSOR DATA By Hour Last update : 24/04/2025 07:00:00
2025-04-24 07:00:04,306 INFO:SENSOR DATA By Hour Check : 24/04/2025 07:00:04
2025-04-24 07:00:08,681 INFO:SENSOR DATA By Hour Last update : 24/04/2025 07:00:04
2025-04-24 07:03:29,263 INFO:[CAPTURE] Saved: image_SocSon_2025-04-24_07-03-29_Goc_240.0_Huong_0.0_Zoom_1.0.jpg
2025-04-24 07:03:29,313 INFO:[PTZ] Moved to 255.0°
2025-04-24 07:03:40,943 INFO: Website working as normal
2025-04-24 07:08:29,269 INFO:[CAPTURE] Saved: image_SocSon_2025-04-24_07-08-29_Goc_270.0_Huong_0.0_Zoom_1.0.jpg
2025-04-24 07:08:29,343 INFO:[PTZ] Moved to 285.0°
2025-04-24 07:08:41,009 INFO: Website working as normal
2025-04-24 07:13:29,285 INFO:[CAPTURE] Saved: image_SocSon_2025-04-24_07-13-29_Goc_300.0_Huong_0.0_Zoom_1.0.jpg
2025-04-24 07:13:29,359 INFO:[PTZ] Moved to 315.0°
2025-04-24 07:13:41,305 INFO: Website working as normal
2025-04-24 07:15:00,003 INFO:SENSOR DATA By Hour Check : 24/04/2025 07:15:00
2025-04-24 07:15:04,663 INFO:SENSOR DATA By Hour Last update : 24/04/2025 07:15:00
2025-04-24 07:18:29,306 INFO:[CAPTURE] Saved: image_SocSon_2025-04-24_07-18-29_Goc_330.0_Huong_0.0_Zoom_1.0.jpg
2025-04-24 07:18:29,354 INFO:[PTZ] Moved to 345.0°
2025-04-24 07:18:41,375 INFO: Website working as normal
2025-04-24 07:23:29,216 INFO:[CAPTURE] Saved: image_SocSon_2025-04-24_07-23-29_Goc_0.0_Huong_0.0_Zoom_1.0.jpg
2025-04-24 07:23:29,256 INFO:[PTZ] Moved to 15.0°
2025-04-24 07:23:41,416 INFO: Website working as normal
2025-04-24 07:28:29,222 INFO:[CAPTURE] Saved: image_SocSon_2025-04-24_07-28-29_Goc_30.0_Huong_0.0_Zoom_1.0.jpg
2025-04-24 07:28:29,292 INFO:[PTZ] Moved to 45.0°
2025-04-24 07:28:41,486 INFO: Website working as normal
2025-04-24 07:30:00,001 INFO:SENSOR DATA By Hour Check : 24/04/2025 07:30:00
2025-04-24 07:30:04,901 INFO:SENSOR DATA By Hour Last update : 24/04/2025 07:30:00
2025-04-24 07:33:29,158 INFO:[CAPTURE] Saved: image_SocSon_2025-04-24_07-33-29_Goc_60.0_Huong_0.0_Zoom_1.0.jpg
2025-04-24 07:33:29,203 INFO:[PTZ] Moved to 75.0°
2025-04-24 07:33:41,530 INFO: Website working as normal
2025-04-24 07:38:29,184 INFO:[CAPTURE] Saved: image_SocSon_2025-04-24_07-38-29_Goc_90.0_Huong_0.0_Zoom_1.0.jpg
2025-04-24 07:38:29,245 INFO:[PTZ] Moved to 105.0°
2025-04-24 07:38:41,590 INFO: Website working as normal
2025-04-24 07:43:29,120 INFO:[CAPTURE] Saved: image_SocSon_2025-04-24_07-43-29_Goc_120.0_Huong_0.0_Zoom_1.0.jpg
2025-04-24 07:43:29,175 INFO:[PTZ] Moved to 135.0°
2025-04-24 07:43:41,650 INFO: Website working as normal
2025-04-24 07:45:00,004 INFO:SENSOR DATA By Hour Check : 24/04/2025 07:45:00
2025-04-24 07:45:05,188 INFO:SENSOR DATA By Hour Last update : 24/04/2025 07:45:00
2025-04-24 07:48:29,070 INFO:[CAPTURE] Saved: image_SocSon_2025-04-24_07-48-29_Goc_150.0_Huong_0.0_Zoom_1.0.jpg
2025-04-24 07:48:29,116 INFO:[PTZ] Moved to 165.0°
2025-04-24 07:48:41,696 INFO: Website working as normal
2025-04-24 07:53:29,111 INFO:[CAPTURE] Saved: image_SocSon_2025-04-24_07-53-29_Goc_180.0_Huong_0.0_Zoom_1.0.jpg
2025-04-24 07:53:29,152 INFO:[PTZ] Moved to 195.0°
2025-04-24 07:53:41,736 INFO: Website working as normal
2025-04-24 07:58:29,202 INFO:[CAPTURE] Saved: image_SocSon_2025-04-24_07-58-29_Goc_210.0_Huong_0.0_Zoom_1.0.jpg
2025-04-24 07:58:29,244 INFO:[PTZ] Moved to 225.0°
2025-04-24 07:58:41,802 INFO: Website working as normal
2025-04-24 08:00:00,006 INFO:SENSOR DATA By Hour Check : 24/04/2025 08:00:00
2025-04-24 08:00:04,453 INFO:SENSOR DATA By Hour Last update : 24/04/2025 08:00:00
2025-04-24 08:00:04,453 INFO:SENSOR DATA By Hour Check : 24/04/2025 08:00:04
2025-04-24 08:00:09,126 INFO:SENSOR DATA By Hour Last update : 24/04/2025 08:00:04
2025-04-24 08:03:29,288 INFO:[CAPTURE] Saved: image_SocSon_2025-04-24_08-03-29_Goc_240.0_Huong_0.0_Zoom_1.0.jpg
2025-04-24 08:03:29,354 INFO:[PTZ] Moved to 255.0°
2025-04-24 08:03:41,853 INFO: Website working as normal
2025-04-24 08:08:29,292 INFO:[CAPTURE] Saved: image_SocSon_2025-04-24_08-08-29_Goc_270.0_Huong_0.0_Zoom_1.0.jpg
2025-04-24 08:08:29,334 INFO:[PTZ] Moved to 285.0°
2025-04-24 08:08:41,904 INFO: Website working as normal
2025-04-24 08:13:29,295 INFO:[CAPTURE] Saved: image_SocSon_2025-04-24_08-13-29_Goc_300.0_Huong_0.0_Zoom_1.0.jpg
2025-04-24 08:13:29,341 INFO:[PTZ] Moved to 315.0°
2025-04-24 08:13:41,958 INFO: Website working as normal
2025-04-24 08:15:00,004 INFO:SENSOR DATA By Hour Check : 24/04/2025 08:15:00
2025-04-24 08:15:04,524 INFO:SENSOR DATA By Hour Last update : 24/04/2025 08:15:00
2025-04-24 08:18:29,221 INFO:[CAPTURE] Saved: image_SocSon_2025-04-24_08-18-29_Goc_330.0_Huong_0.0_Zoom_1.0.jpg
2025-04-24 08:18:29,286 INFO:[PTZ] Moved to 345.0°
2025-04-24 08:18:42,026 INFO: Website working as normal
2025-04-24 08:23:29,297 INFO:[CAPTURE] Saved: image_SocSon_2025-04-24_08-23-29_Goc_0.0_Huong_0.0_Zoom_1.0.jpg
2025-04-24 08:23:29,359 INFO:[PTZ] Moved to 15.0°
2025-04-24 08:23:42,061 INFO: Website working as normal
2025-04-24 08:27:58,088 WARNING:[WARNING] Capture loop delayed by 11.34 seconds
2025-04-24 08:28:00,923 WARNING:[WARNING] Capture loop delayed by 8.18 seconds
2025-04-24 08:28:06,363 WARNING:[WARNING] Capture loop delayed by 7.62 seconds
2025-04-24 08:28:06,998 WARNING:[WARNING] Capture loop delayed by 2.25 seconds
2025-04-24 08:28:29,248 INFO:[CAPTURE] Saved: image_SocSon_2025-04-24_08-28-29_Goc_30.0_Huong_0.0_Zoom_1.0.jpg
2025-04-24 08:28:29,337 INFO:[PTZ] Moved to 45.0°
2025-04-24 08:28:42,127 INFO: Website working as normal
2025-04-24 08:30:00,001 INFO:SENSOR DATA By Hour Check : 24/04/2025 08:30:00
2025-04-24 08:30:04,398 INFO:SENSOR DATA By Hour Last update : 24/04/2025 08:30:00
2025-04-24 08:33:29,202 INFO:[CAPTURE] Saved: image_SocSon_2025-04-24_08-33-29_Goc_60.0_Huong_0.0_Zoom_1.0.jpg
2025-04-24 08:33:29,269 INFO:[PTZ] Moved to 75.0°
2025-04-24 08:33:42,183 INFO: Website working as normal
2025-04-24 08:38:29,268 INFO:[CAPTURE] Saved: image_SocSon_2025-04-24_08-38-29_Goc_90.0_Huong_0.0_Zoom_1.0.jpg
2025-04-24 08:38:29,314 INFO:[PTZ] Moved to 105.0°
2025-04-24 08:38:42,238 INFO: Website working as normal
2025-04-24 08:43:29,081 INFO:[CAPTURE] Saved: image_SocSon_2025-04-24_08-43-29_Goc_120.0_Huong_0.0_Zoom_1.0.jpg
2025-04-24 08:43:29,129 INFO:[PTZ] Moved to 135.0°
2025-04-24 08:43:42,285 INFO: Website working as normal
2025-04-24 08:45:00,004 INFO:SENSOR DATA By Hour Check : 24/04/2025 08:45:00
2025-04-24 08:45:04,639 INFO:SENSOR DATA By Hour Last update : 24/04/2025 08:45:00
2025-04-24 08:48:29,121 INFO:[CAPTURE] Saved: image_SocSon_2025-04-24_08-48-29_Goc_150.0_Huong_0.0_Zoom_1.0.jpg
2025-04-24 08:48:29,186 INFO:[PTZ] Moved to 165.0°
2025-04-24 08:48:42,336 INFO: Website working as normal
2025-04-24 08:53:29,142 INFO:[CAPTURE] Saved: image_SocSon_2025-04-24_08-53-29_Goc_180.0_Huong_0.0_Zoom_1.0.jpg
2025-04-24 08:53:29,186 INFO:[PTZ] Moved to 195.0°
2025-04-24 08:53:42,397 INFO: Website working as normal
2025-04-24 08:58:29,238 INFO:[CAPTURE] Saved: image_SocSon_2025-04-24_08-58-29_Goc_210.0_Huong_0.0_Zoom_1.0.jpg
2025-04-24 08:58:29,278 INFO:[PTZ] Moved to 225.0°
2025-04-24 08:58:42,448 INFO: Website working as normal
