2025-04-20 10:13:14,586 INFO:  Logger started from configuration
2025-04-20 10:28:00,000 INFO: SENSOR DATA By Hour Check : 20/04/2025 10:28:00
2025-04-20 11:15:44,643 INFO:  Logger started from configuration
2025-04-20 15:08:28,908 INFO:  Logger started from configuration
2025-04-20 15:23:00,000 INFO: SENSOR DATA By Hour Check : 20/04/2025 15:23:00
2025-04-20 16:57:00,687 INFO:  Logger started from configuration
2025-04-20 16:59:33,285 INFO:  Logger started from configuration
2025-04-20 17:00:00,000 INFO: SENSOR DATA By Hour Check : 20/04/2025 17:00:00
2025-04-20 17:00:04,196 INFO: SENSOR DATA By Hour Last update : 20/04/2025 17:00:00
2025-04-20 17:15:00,000 INFO: SENSOR DATA By Hour Check : 20/04/2025 17:15:00
2025-04-21 10:13:56,174 ERROR: Execution failed on sql 'WITH ThoiGianTron AS (
                    SELECT  
                        AVG(NhietDo) AS NhietDo, 
                        AVG(DoAm) AS DoAm, 
                        MAX(TocDoGio) AS TocDoGio,
                        MAX(HuongGio) AS HuongGio,
                        AVG(LuongMua) AS LuongMua,
                        DATEADD(HOUR, DATEDIFF(HOUR, 0, ThoiGian), 0) AS ThoiGian,
                        'SocSon' AS KHTram,
                        2 AS MaTram
                    FROM tbChiTietKhiTuong
                    WHERE KHTram = 'SocSon'
                    GROUP BY DATEADD(HOUR, DATEDIFF(HOUR, 0, ThoiGian), 0)
                )
                SELECT 
                    ROW_NUMBER() OVER (ORDER BY ThoiGian DESC) AS Id,  
                    NhietDo, 
                    DoAm, 
                    TocDoGio, 
                    HuongGio, 
                    LuongMua, 
                    ThoiGian, 
                    KHTram, 
                    MaTram
                FROM ThoiGianTron
                ORDER BY ThoiGian DESC;
                ': ('HY000', '[HY000] [Microsoft][ODBC Driver 17 for SQL Server]Unspecified error occurred on SQL Server. Connection may have been terminated by the server. (0) (SQLExecDirectW); [HY000] [Microsoft][ODBC Driver 17 for SQL Server][SQL Server]Cannot continue the execution because the session is in the kill state. (596)')
2025-04-21 10:13:56,178 INFO: SENSOR DATA By Hour Last update : 20/04/2025 17:15:00
2025-04-21 10:13:56,178 INFO: SENSOR DATA By Hour Check : 21/04/2025 10:13:56
2025-04-21 10:13:56,227 ERROR: 'NoneType' object has no attribute 'cursor'
2025-04-21 10:13:56,228 INFO: SENSOR DATA By Hour Last update : 21/04/2025 10:13:56
2025-04-21 10:28:00,001 INFO: SENSOR DATA By Hour Check : 21/04/2025 10:28:00
2025-04-21 10:28:05,767 INFO: SENSOR DATA By Hour Last update : 21/04/2025 10:28:00
2025-04-21 10:37:08,816 INFO:  Logger started from configuration
2025-04-21 10:52:00,000 INFO: SENSOR DATA By Hour Check : 21/04/2025 10:52:00
2025-04-21 10:52:04,252 INFO: SENSOR DATA By Hour Last update : 21/04/2025 10:52:00
2025-04-21 11:00:00,003 INFO: SENSOR DATA By Hour Check : 21/04/2025 11:00:00
2025-04-21 11:00:04,094 INFO: SENSOR DATA By Hour Last update : 21/04/2025 11:00:00
2025-04-21 11:15:00,004 INFO: SENSOR DATA By Hour Check : 21/04/2025 11:15:00
2025-04-21 11:15:04,429 INFO: SENSOR DATA By Hour Last update : 21/04/2025 11:15:00
2025-04-21 11:30:00,014 INFO: SENSOR DATA By Hour Check : 21/04/2025 11:30:00
2025-04-21 11:30:04,315 INFO: SENSOR DATA By Hour Last update : 21/04/2025 11:30:00
2025-04-21 11:45:00,004 INFO: SENSOR DATA By Hour Check : 21/04/2025 11:45:00
2025-04-21 11:45:04,213 INFO: SENSOR DATA By Hour Last update : 21/04/2025 11:45:00
2025-04-21 12:00:00,002 INFO: SENSOR DATA By Hour Check : 21/04/2025 12:00:00
2025-04-21 12:00:04,388 INFO: SENSOR DATA By Hour Last update : 21/04/2025 12:00:00
2025-04-21 12:00:04,388 INFO: SENSOR DATA By Hour Check : 21/04/2025 12:00:04
2025-04-21 12:00:08,546 INFO: SENSOR DATA By Hour Last update : 21/04/2025 12:00:04
2025-04-21 12:15:00,004 INFO: SENSOR DATA By Hour Check : 21/04/2025 12:15:00
2025-04-21 12:15:04,324 INFO: SENSOR DATA By Hour Last update : 21/04/2025 12:15:00
2025-04-21 12:30:00,012 INFO: SENSOR DATA By Hour Check : 21/04/2025 12:30:00
2025-04-21 12:30:04,335 INFO: SENSOR DATA By Hour Last update : 21/04/2025 12:30:00
2025-04-21 12:45:00,011 INFO: SENSOR DATA By Hour Check : 21/04/2025 12:45:00
2025-04-21 12:45:04,314 INFO: SENSOR DATA By Hour Last update : 21/04/2025 12:45:00
2025-04-21 13:00:00,000 INFO: SENSOR DATA By Hour Check : 21/04/2025 13:00:00
2025-04-21 13:00:04,219 INFO: SENSOR DATA By Hour Last update : 21/04/2025 13:00:00
2025-04-21 13:00:04,219 INFO: SENSOR DATA By Hour Check : 21/04/2025 13:00:04
2025-04-21 13:00:08,607 INFO: SENSOR DATA By Hour Last update : 21/04/2025 13:00:04
2025-04-21 13:15:00,000 INFO: SENSOR DATA By Hour Check : 21/04/2025 13:15:00
2025-04-21 13:15:04,355 INFO: SENSOR DATA By Hour Last update : 21/04/2025 13:15:00
2025-04-21 13:30:00,007 INFO: SENSOR DATA By Hour Check : 21/04/2025 13:30:00
2025-04-21 13:30:04,057 INFO: SENSOR DATA By Hour Last update : 21/04/2025 13:30:00
2025-04-21 13:45:00,004 INFO: SENSOR DATA By Hour Check : 21/04/2025 13:45:00
2025-04-21 13:45:06,180 INFO: SENSOR DATA By Hour Last update : 21/04/2025 13:45:00
2025-04-21 14:00:00,006 INFO: SENSOR DATA By Hour Check : 21/04/2025 14:00:00
2025-04-21 14:00:04,276 INFO: SENSOR DATA By Hour Last update : 21/04/2025 14:00:00
2025-04-21 14:00:04,276 INFO: SENSOR DATA By Hour Check : 21/04/2025 14:00:04
2025-04-21 14:00:08,711 INFO: SENSOR DATA By Hour Last update : 21/04/2025 14:00:04
2025-04-21 14:15:00,003 INFO: SENSOR DATA By Hour Check : 21/04/2025 14:15:00
2025-04-21 14:15:04,363 INFO: SENSOR DATA By Hour Last update : 21/04/2025 14:15:00
2025-04-21 14:30:00,012 INFO: SENSOR DATA By Hour Check : 21/04/2025 14:30:00
2025-04-21 14:30:04,405 INFO: SENSOR DATA By Hour Last update : 21/04/2025 14:30:00
2025-04-21 14:45:00,014 INFO: SENSOR DATA By Hour Check : 21/04/2025 14:45:00
2025-04-21 14:45:04,704 INFO: SENSOR DATA By Hour Last update : 21/04/2025 14:45:00
2025-04-21 15:00:00,012 INFO: SENSOR DATA By Hour Check : 21/04/2025 15:00:00
2025-04-21 15:00:04,492 INFO: SENSOR DATA By Hour Last update : 21/04/2025 15:00:00
2025-04-21 15:00:04,492 INFO: SENSOR DATA By Hour Check : 21/04/2025 15:00:04
2025-04-21 15:00:08,201 INFO: SENSOR DATA By Hour Last update : 21/04/2025 15:00:04
2025-04-21 15:15:00,003 INFO: SENSOR DATA By Hour Check : 21/04/2025 15:15:00
2025-04-21 15:15:04,347 INFO: SENSOR DATA By Hour Last update : 21/04/2025 15:15:00
2025-04-21 15:30:00,004 INFO: SENSOR DATA By Hour Check : 21/04/2025 15:30:00
2025-04-21 15:30:04,099 INFO: SENSOR DATA By Hour Last update : 21/04/2025 15:30:00
2025-04-21 15:45:00,014 INFO: SENSOR DATA By Hour Check : 21/04/2025 15:45:00
2025-04-21 15:45:04,442 INFO: SENSOR DATA By Hour Last update : 21/04/2025 15:45:00
2025-04-21 16:00:00,000 INFO: SENSOR DATA By Hour Check : 21/04/2025 16:00:00
2025-04-21 16:00:04,089 INFO: SENSOR DATA By Hour Last update : 21/04/2025 16:00:00
2025-04-21 16:00:04,089 INFO: SENSOR DATA By Hour Check : 21/04/2025 16:00:04
2025-04-21 16:00:07,808 INFO: SENSOR DATA By Hour Last update : 21/04/2025 16:00:04
2025-04-21 16:15:00,009 INFO: SENSOR DATA By Hour Check : 21/04/2025 16:15:00
2025-04-21 16:15:03,929 INFO: SENSOR DATA By Hour Last update : 21/04/2025 16:15:00
2025-04-21 16:30:00,010 INFO: SENSOR DATA By Hour Check : 21/04/2025 16:30:00
2025-04-21 16:30:04,174 INFO: SENSOR DATA By Hour Last update : 21/04/2025 16:30:00
2025-04-21 16:45:00,010 INFO: SENSOR DATA By Hour Check : 21/04/2025 16:45:00
2025-04-21 16:45:04,192 INFO: SENSOR DATA By Hour Last update : 21/04/2025 16:45:00
2025-04-21 17:00:00,010 INFO: SENSOR DATA By Hour Check : 21/04/2025 17:00:00
2025-04-21 17:00:03,913 INFO: SENSOR DATA By Hour Last update : 21/04/2025 17:00:00
2025-04-21 17:00:03,913 INFO: SENSOR DATA By Hour Check : 21/04/2025 17:00:03
2025-04-21 17:00:07,813 INFO: SENSOR DATA By Hour Last update : 21/04/2025 17:00:03
2025-04-21 17:15:00,011 INFO: SENSOR DATA By Hour Check : 21/04/2025 17:15:00
2025-04-21 17:15:04,281 INFO: SENSOR DATA By Hour Last update : 21/04/2025 17:15:00
2025-04-21 17:30:00,002 INFO: SENSOR DATA By Hour Check : 21/04/2025 17:30:00
2025-04-21 17:30:04,077 INFO: SENSOR DATA By Hour Last update : 21/04/2025 17:30:00
2025-04-21 17:45:00,005 INFO: SENSOR DATA By Hour Check : 21/04/2025 17:45:00
2025-04-21 17:45:04,212 INFO: SENSOR DATA By Hour Last update : 21/04/2025 17:45:00
2025-04-21 18:00:00,005 INFO: SENSOR DATA By Hour Check : 21/04/2025 18:00:00
2025-04-21 18:00:04,457 INFO: SENSOR DATA By Hour Last update : 21/04/2025 18:00:00
2025-04-21 18:00:04,457 INFO: SENSOR DATA By Hour Check : 21/04/2025 18:00:04
2025-04-21 18:00:08,551 INFO: SENSOR DATA By Hour Last update : 21/04/2025 18:00:04
2025-04-21 18:15:00,009 INFO: SENSOR DATA By Hour Check : 21/04/2025 18:15:00
2025-04-21 18:15:04,301 INFO: SENSOR DATA By Hour Last update : 21/04/2025 18:15:00
2025-04-21 18:30:00,005 INFO: SENSOR DATA By Hour Check : 21/04/2025 18:30:00
2025-04-21 18:30:03,996 INFO: SENSOR DATA By Hour Last update : 21/04/2025 18:30:00
2025-04-21 18:45:00,001 INFO: SENSOR DATA By Hour Check : 21/04/2025 18:45:00
2025-04-21 18:45:03,955 INFO: SENSOR DATA By Hour Last update : 21/04/2025 18:45:00
2025-04-21 19:00:00,007 INFO: SENSOR DATA By Hour Check : 21/04/2025 19:00:00
2025-04-21 19:00:04,426 INFO: SENSOR DATA By Hour Last update : 21/04/2025 19:00:00
2025-04-21 19:00:04,426 INFO: SENSOR DATA By Hour Check : 21/04/2025 19:00:04
2025-04-21 19:00:08,253 INFO: SENSOR DATA By Hour Last update : 21/04/2025 19:00:04
2025-04-21 19:15:00,011 INFO: SENSOR DATA By Hour Check : 21/04/2025 19:15:00
2025-04-21 19:15:03,957 INFO: SENSOR DATA By Hour Last update : 21/04/2025 19:15:00
2025-04-21 19:30:00,001 INFO: SENSOR DATA By Hour Check : 21/04/2025 19:30:00
2025-04-21 19:30:04,051 INFO: SENSOR DATA By Hour Last update : 21/04/2025 19:30:00
2025-04-21 19:45:00,007 INFO: SENSOR DATA By Hour Check : 21/04/2025 19:45:00
2025-04-21 19:45:04,891 INFO: SENSOR DATA By Hour Last update : 21/04/2025 19:45:00
2025-04-21 20:00:00,009 INFO: SENSOR DATA By Hour Check : 21/04/2025 20:00:00
2025-04-21 20:00:04,520 INFO: SENSOR DATA By Hour Last update : 21/04/2025 20:00:00
2025-04-21 20:00:04,520 INFO: SENSOR DATA By Hour Check : 21/04/2025 20:00:04
2025-04-21 20:00:08,408 INFO: SENSOR DATA By Hour Last update : 21/04/2025 20:00:04
2025-04-21 20:15:00,000 INFO: SENSOR DATA By Hour Check : 21/04/2025 20:15:00
2025-04-21 20:15:04,145 INFO: SENSOR DATA By Hour Last update : 21/04/2025 20:15:00
2025-04-21 20:30:00,014 INFO: SENSOR DATA By Hour Check : 21/04/2025 20:30:00
2025-04-21 20:30:03,793 INFO: SENSOR DATA By Hour Last update : 21/04/2025 20:30:00
2025-04-21 20:45:00,003 INFO: SENSOR DATA By Hour Check : 21/04/2025 20:45:00
2025-04-21 20:45:05,195 INFO: SENSOR DATA By Hour Last update : 21/04/2025 20:45:00
2025-04-21 21:00:00,010 INFO: SENSOR DATA By Hour Check : 21/04/2025 21:00:00
2025-04-21 21:00:03,941 INFO: SENSOR DATA By Hour Last update : 21/04/2025 21:00:00
2025-04-21 21:00:03,941 INFO: SENSOR DATA By Hour Check : 21/04/2025 21:00:03
2025-04-21 21:00:08,038 INFO: SENSOR DATA By Hour Last update : 21/04/2025 21:00:03
2025-04-21 21:15:00,013 INFO: SENSOR DATA By Hour Check : 21/04/2025 21:15:00
2025-04-21 21:15:04,202 INFO: SENSOR DATA By Hour Last update : 21/04/2025 21:15:00
2025-04-21 21:30:00,011 INFO: SENSOR DATA By Hour Check : 21/04/2025 21:30:00
2025-04-21 21:30:04,769 INFO: SENSOR DATA By Hour Last update : 21/04/2025 21:30:00
2025-04-21 21:45:00,003 INFO: SENSOR DATA By Hour Check : 21/04/2025 21:45:00
2025-04-21 21:45:04,884 INFO: SENSOR DATA By Hour Last update : 21/04/2025 21:45:00
2025-04-21 22:00:00,001 INFO: SENSOR DATA By Hour Check : 21/04/2025 22:00:00
2025-04-21 22:00:04,260 INFO: SENSOR DATA By Hour Last update : 21/04/2025 22:00:00
2025-04-21 22:00:04,260 INFO: SENSOR DATA By Hour Check : 21/04/2025 22:00:04
2025-04-21 22:00:08,349 INFO: SENSOR DATA By Hour Last update : 21/04/2025 22:00:04
2025-04-21 22:15:00,013 INFO: SENSOR DATA By Hour Check : 21/04/2025 22:15:00
2025-04-21 22:15:04,098 INFO: SENSOR DATA By Hour Last update : 21/04/2025 22:15:00
2025-04-21 22:30:00,005 INFO: SENSOR DATA By Hour Check : 21/04/2025 22:30:00
2025-04-21 22:30:04,097 INFO: SENSOR DATA By Hour Last update : 21/04/2025 22:30:00
2025-04-21 22:45:00,007 INFO: SENSOR DATA By Hour Check : 21/04/2025 22:45:00
2025-04-21 22:45:04,988 INFO: SENSOR DATA By Hour Last update : 21/04/2025 22:45:00
2025-04-21 23:00:00,010 INFO: SENSOR DATA By Hour Check : 21/04/2025 23:00:00
2025-04-21 23:00:04,351 INFO: SENSOR DATA By Hour Last update : 21/04/2025 23:00:00
2025-04-21 23:00:04,351 INFO: SENSOR DATA By Hour Check : 21/04/2025 23:00:04
2025-04-21 23:00:08,511 INFO: SENSOR DATA By Hour Last update : 21/04/2025 23:00:04
2025-04-21 23:15:00,004 INFO: SENSOR DATA By Hour Check : 21/04/2025 23:15:00
2025-04-21 23:15:04,268 INFO: SENSOR DATA By Hour Last update : 21/04/2025 23:15:00
2025-04-21 23:30:00,000 INFO: SENSOR DATA By Hour Check : 21/04/2025 23:30:00
2025-04-21 23:30:04,433 INFO: SENSOR DATA By Hour Last update : 21/04/2025 23:30:00
2025-04-21 23:45:00,001 INFO: SENSOR DATA By Hour Check : 21/04/2025 23:45:00
2025-04-21 23:45:04,454 INFO: SENSOR DATA By Hour Last update : 21/04/2025 23:45:00
2025-04-22 00:00:00,010 INFO: SENSOR DATA By Hour Check : 22/04/2025 00:00:00
2025-04-22 00:00:04,410 INFO: SENSOR DATA By Hour Last update : 22/04/2025 00:00:00
2025-04-22 00:00:04,425 INFO: SENSOR DATA By Hour Check : 22/04/2025 00:00:04
2025-04-22 00:00:08,547 INFO: SENSOR DATA By Hour Last update : 22/04/2025 00:00:04
2025-04-22 00:15:00,010 INFO: SENSOR DATA By Hour Check : 22/04/2025 00:15:00
2025-04-22 00:15:04,180 INFO: SENSOR DATA By Hour Last update : 22/04/2025 00:15:00
2025-04-22 00:30:00,005 INFO: SENSOR DATA By Hour Check : 22/04/2025 00:30:00
2025-04-22 00:30:04,110 INFO: SENSOR DATA By Hour Last update : 22/04/2025 00:30:00
2025-04-22 00:45:00,011 INFO: SENSOR DATA By Hour Check : 22/04/2025 00:45:00
2025-04-22 00:45:04,921 INFO: SENSOR DATA By Hour Last update : 22/04/2025 00:45:00
2025-04-22 01:00:00,004 INFO: SENSOR DATA By Hour Check : 22/04/2025 01:00:00
2025-04-22 01:00:04,165 INFO: SENSOR DATA By Hour Last update : 22/04/2025 01:00:00
2025-04-22 01:00:04,165 INFO: SENSOR DATA By Hour Check : 22/04/2025 01:00:04
2025-04-22 01:00:08,489 INFO: SENSOR DATA By Hour Last update : 22/04/2025 01:00:04
2025-04-22 01:15:00,012 INFO: SENSOR DATA By Hour Check : 22/04/2025 01:15:00
2025-04-22 01:15:04,111 INFO: SENSOR DATA By Hour Last update : 22/04/2025 01:15:00
2025-04-22 01:30:00,006 INFO: SENSOR DATA By Hour Check : 22/04/2025 01:30:00
2025-04-22 01:30:04,116 INFO: SENSOR DATA By Hour Last update : 22/04/2025 01:30:00
2025-04-22 01:45:00,011 INFO: SENSOR DATA By Hour Check : 22/04/2025 01:45:00
2025-04-22 01:45:05,772 INFO: SENSOR DATA By Hour Last update : 22/04/2025 01:45:00
2025-04-22 02:00:00,005 INFO: SENSOR DATA By Hour Check : 22/04/2025 02:00:00
2025-04-22 02:00:04,287 INFO: SENSOR DATA By Hour Last update : 22/04/2025 02:00:00
2025-04-22 02:00:04,287 INFO: SENSOR DATA By Hour Check : 22/04/2025 02:00:04
2025-04-22 02:00:08,400 INFO: SENSOR DATA By Hour Last update : 22/04/2025 02:00:04
2025-04-22 02:15:00,005 INFO: SENSOR DATA By Hour Check : 22/04/2025 02:15:00
2025-04-22 02:15:04,069 INFO: SENSOR DATA By Hour Last update : 22/04/2025 02:15:00
2025-04-22 02:30:00,001 INFO: SENSOR DATA By Hour Check : 22/04/2025 02:30:00
2025-04-22 02:30:03,938 INFO: SENSOR DATA By Hour Last update : 22/04/2025 02:30:00
2025-04-22 02:45:00,008 INFO: SENSOR DATA By Hour Check : 22/04/2025 02:45:00
2025-04-22 02:45:04,971 INFO: SENSOR DATA By Hour Last update : 22/04/2025 02:45:00
2025-04-22 03:00:00,000 INFO: SENSOR DATA By Hour Check : 22/04/2025 03:00:00
2025-04-22 03:00:04,105 INFO: SENSOR DATA By Hour Last update : 22/04/2025 03:00:00
2025-04-22 03:00:04,105 INFO: SENSOR DATA By Hour Check : 22/04/2025 03:00:04
2025-04-22 03:00:08,145 INFO: SENSOR DATA By Hour Last update : 22/04/2025 03:00:04
2025-04-22 03:15:00,004 INFO: SENSOR DATA By Hour Check : 22/04/2025 03:15:00
2025-04-22 03:15:03,969 INFO: SENSOR DATA By Hour Last update : 22/04/2025 03:15:00
2025-04-22 03:30:00,004 INFO: SENSOR DATA By Hour Check : 22/04/2025 03:30:00
2025-04-22 03:30:03,849 INFO: SENSOR DATA By Hour Last update : 22/04/2025 03:30:00
2025-04-22 03:45:00,012 INFO: SENSOR DATA By Hour Check : 22/04/2025 03:45:00
2025-04-22 03:45:05,316 INFO: SENSOR DATA By Hour Last update : 22/04/2025 03:45:00
2025-04-22 04:00:00,012 INFO: SENSOR DATA By Hour Check : 22/04/2025 04:00:00
2025-04-22 04:00:04,045 INFO: SENSOR DATA By Hour Last update : 22/04/2025 04:00:00
2025-04-22 04:00:04,045 INFO: SENSOR DATA By Hour Check : 22/04/2025 04:00:04
2025-04-22 04:00:08,314 INFO: SENSOR DATA By Hour Last update : 22/04/2025 04:00:04
2025-04-22 04:15:00,002 INFO: SENSOR DATA By Hour Check : 22/04/2025 04:15:00
2025-04-22 04:15:04,239 INFO: SENSOR DATA By Hour Last update : 22/04/2025 04:15:00
2025-04-22 04:30:00,007 INFO: SENSOR DATA By Hour Check : 22/04/2025 04:30:00
2025-04-22 04:30:04,007 INFO: SENSOR DATA By Hour Last update : 22/04/2025 04:30:00
2025-04-22 04:45:00,012 INFO: SENSOR DATA By Hour Check : 22/04/2025 04:45:00
2025-04-22 04:45:05,270 INFO: SENSOR DATA By Hour Last update : 22/04/2025 04:45:00
2025-04-22 05:00:00,002 INFO: SENSOR DATA By Hour Check : 22/04/2025 05:00:00
2025-04-22 05:00:04,007 INFO: SENSOR DATA By Hour Last update : 22/04/2025 05:00:00
2025-04-22 05:00:04,007 INFO: SENSOR DATA By Hour Check : 22/04/2025 05:00:04
2025-04-22 05:00:07,915 INFO: SENSOR DATA By Hour Last update : 22/04/2025 05:00:04
2025-04-22 05:15:00,003 INFO: SENSOR DATA By Hour Check : 22/04/2025 05:15:00
2025-04-22 05:15:04,383 INFO: SENSOR DATA By Hour Last update : 22/04/2025 05:15:00
2025-04-22 05:30:00,009 INFO: SENSOR DATA By Hour Check : 22/04/2025 05:30:00
2025-04-22 05:30:04,241 INFO: SENSOR DATA By Hour Last update : 22/04/2025 05:30:00
2025-04-22 05:45:00,014 INFO: SENSOR DATA By Hour Check : 22/04/2025 05:45:00
2025-04-22 05:45:05,105 INFO: SENSOR DATA By Hour Last update : 22/04/2025 05:45:00
2025-04-22 06:00:00,015 INFO: SENSOR DATA By Hour Check : 22/04/2025 06:00:00
2025-04-22 06:00:03,873 INFO: SENSOR DATA By Hour Last update : 22/04/2025 06:00:00
2025-04-22 06:00:03,873 INFO: SENSOR DATA By Hour Check : 22/04/2025 06:00:03
2025-04-22 06:00:07,957 INFO: SENSOR DATA By Hour Last update : 22/04/2025 06:00:03
2025-04-22 06:15:00,010 INFO: SENSOR DATA By Hour Check : 22/04/2025 06:15:00
2025-04-22 06:15:04,261 INFO: SENSOR DATA By Hour Last update : 22/04/2025 06:15:00
2025-04-22 06:30:00,008 INFO: SENSOR DATA By Hour Check : 22/04/2025 06:30:00
2025-04-22 06:30:04,165 INFO: SENSOR DATA By Hour Last update : 22/04/2025 06:30:00
2025-04-22 06:45:00,003 INFO: SENSOR DATA By Hour Check : 22/04/2025 06:45:00
2025-04-22 06:45:04,675 INFO: SENSOR DATA By Hour Last update : 22/04/2025 06:45:00
2025-04-22 07:00:00,006 INFO: SENSOR DATA By Hour Check : 22/04/2025 07:00:00
2025-04-22 07:00:04,257 INFO: SENSOR DATA By Hour Last update : 22/04/2025 07:00:00
2025-04-22 07:00:04,257 INFO: SENSOR DATA By Hour Check : 22/04/2025 07:00:04
2025-04-22 07:00:08,271 INFO: SENSOR DATA By Hour Last update : 22/04/2025 07:00:04
2025-04-22 07:15:00,014 INFO: SENSOR DATA By Hour Check : 22/04/2025 07:15:00
2025-04-22 07:15:04,203 INFO: SENSOR DATA By Hour Last update : 22/04/2025 07:15:00
2025-04-22 07:30:00,001 INFO: SENSOR DATA By Hour Check : 22/04/2025 07:30:00
2025-04-22 07:30:04,081 INFO: SENSOR DATA By Hour Last update : 22/04/2025 07:30:00
2025-04-22 07:45:00,008 INFO: SENSOR DATA By Hour Check : 22/04/2025 07:45:00
2025-04-22 07:45:04,278 INFO: SENSOR DATA By Hour Last update : 22/04/2025 07:45:00
2025-04-22 08:00:00,008 INFO: SENSOR DATA By Hour Check : 22/04/2025 08:00:00
2025-04-22 08:00:04,473 INFO: SENSOR DATA By Hour Last update : 22/04/2025 08:00:00
2025-04-22 08:00:04,488 INFO: SENSOR DATA By Hour Check : 22/04/2025 08:00:04
2025-04-22 08:00:08,557 INFO: SENSOR DATA By Hour Last update : 22/04/2025 08:00:04
2025-04-22 08:15:00,006 INFO: SENSOR DATA By Hour Check : 22/04/2025 08:15:00
2025-04-22 08:15:04,438 INFO: SENSOR DATA By Hour Last update : 22/04/2025 08:15:00
2025-04-22 08:30:00,007 INFO: SENSOR DATA By Hour Check : 22/04/2025 08:30:00
2025-04-22 08:30:03,739 INFO: SENSOR DATA By Hour Last update : 22/04/2025 08:30:00
2025-04-22 08:45:00,006 INFO: SENSOR DATA By Hour Check : 22/04/2025 08:45:00
2025-04-22 08:45:04,513 INFO: SENSOR DATA By Hour Last update : 22/04/2025 08:45:00
2025-04-22 09:00:00,000 INFO: SENSOR DATA By Hour Check : 22/04/2025 09:00:00
2025-04-22 09:00:04,230 INFO: SENSOR DATA By Hour Last update : 22/04/2025 09:00:00
2025-04-22 09:00:04,230 INFO: SENSOR DATA By Hour Check : 22/04/2025 09:00:04
2025-04-22 09:00:08,645 INFO: SENSOR DATA By Hour Last update : 22/04/2025 09:00:04
2025-04-22 09:15:00,014 INFO: SENSOR DATA By Hour Check : 22/04/2025 09:15:00
2025-04-22 09:15:04,252 INFO: SENSOR DATA By Hour Last update : 22/04/2025 09:15:00
2025-04-22 09:30:00,013 INFO: SENSOR DATA By Hour Check : 22/04/2025 09:30:00
2025-04-22 09:30:04,698 INFO: SENSOR DATA By Hour Last update : 22/04/2025 09:30:00
2025-04-22 09:45:00,001 INFO: SENSOR DATA By Hour Check : 22/04/2025 09:45:00
2025-04-22 09:45:04,181 INFO: SENSOR DATA By Hour Last update : 22/04/2025 09:45:00
2025-04-22 10:00:00,013 INFO: SENSOR DATA By Hour Check : 22/04/2025 10:00:00
2025-04-22 10:00:03,919 INFO: SENSOR DATA By Hour Last update : 22/04/2025 10:00:00
2025-04-22 10:00:03,919 INFO: SENSOR DATA By Hour Check : 22/04/2025 10:00:03
2025-04-22 10:00:08,229 INFO: SENSOR DATA By Hour Last update : 22/04/2025 10:00:03
2025-04-22 10:15:00,008 INFO: SENSOR DATA By Hour Check : 22/04/2025 10:15:00
2025-04-22 10:15:03,774 INFO: SENSOR DATA By Hour Last update : 22/04/2025 10:15:00
2025-04-22 10:30:00,000 INFO: SENSOR DATA By Hour Check : 22/04/2025 10:30:00
2025-04-22 10:30:17,729 INFO: SENSOR DATA By Hour Last update : 22/04/2025 10:30:00
2025-04-22 10:45:00,008 INFO: SENSOR DATA By Hour Check : 22/04/2025 10:45:00
2025-04-22 10:45:19,618 INFO: SENSOR DATA By Hour Last update : 22/04/2025 10:45:00
2025-04-22 11:00:00,006 INFO: SENSOR DATA By Hour Check : 22/04/2025 11:00:00
2025-04-22 11:00:04,394 INFO: SENSOR DATA By Hour Last update : 22/04/2025 11:00:00
2025-04-22 11:00:04,394 INFO: SENSOR DATA By Hour Check : 22/04/2025 11:00:04
2025-04-22 11:00:08,501 INFO: SENSOR DATA By Hour Last update : 22/04/2025 11:00:04
2025-04-22 11:04:49,191 INFO:  Logger started from configuration
2025-04-22 11:15:00,015 INFO: SENSOR DATA By Hour Check : 22/04/2025 11:15:00
2025-04-22 11:15:04,316 INFO: SENSOR DATA By Hour Last update : 22/04/2025 11:15:00
2025-04-22 11:30:00,000 INFO: SENSOR DATA By Hour Check : 22/04/2025 11:30:00
2025-04-22 11:30:04,262 INFO: SENSOR DATA By Hour Last update : 22/04/2025 11:30:00
2025-04-22 11:45:00,015 INFO: SENSOR DATA By Hour Check : 22/04/2025 11:45:00
2025-04-22 11:45:04,454 INFO: SENSOR DATA By Hour Last update : 22/04/2025 11:45:00
2025-04-22 12:00:00,000 INFO: SENSOR DATA By Hour Check : 22/04/2025 12:00:00
2025-04-22 12:00:04,329 INFO: SENSOR DATA By Hour Last update : 22/04/2025 12:00:00
2025-04-22 12:00:04,329 INFO: SENSOR DATA By Hour Check : 22/04/2025 12:00:04
2025-04-22 12:00:08,410 INFO: SENSOR DATA By Hour Last update : 22/04/2025 12:00:04
2025-04-22 12:15:00,011 INFO: SENSOR DATA By Hour Check : 22/04/2025 12:15:00
2025-04-22 12:15:04,230 INFO: SENSOR DATA By Hour Last update : 22/04/2025 12:15:00
2025-04-22 12:30:00,001 INFO: SENSOR DATA By Hour Check : 22/04/2025 12:30:00
2025-04-22 12:30:04,234 INFO: SENSOR DATA By Hour Last update : 22/04/2025 12:30:00
2025-04-22 12:45:00,006 INFO: SENSOR DATA By Hour Check : 22/04/2025 12:45:00
2025-04-22 12:45:04,274 INFO: SENSOR DATA By Hour Last update : 22/04/2025 12:45:00
2025-04-22 13:00:00,005 INFO: SENSOR DATA By Hour Check : 22/04/2025 13:00:00
2025-04-22 13:00:04,093 INFO: SENSOR DATA By Hour Last update : 22/04/2025 13:00:00
2025-04-22 13:00:04,093 INFO: SENSOR DATA By Hour Check : 22/04/2025 13:00:04
2025-04-22 13:00:07,985 INFO: SENSOR DATA By Hour Last update : 22/04/2025 13:00:04
2025-04-22 13:15:00,001 INFO: SENSOR DATA By Hour Check : 22/04/2025 13:15:00
2025-04-22 13:15:04,470 INFO: SENSOR DATA By Hour Last update : 22/04/2025 13:15:00
2025-04-22 13:30:00,006 INFO: SENSOR DATA By Hour Check : 22/04/2025 13:30:00
2025-04-22 13:30:03,957 INFO: SENSOR DATA By Hour Last update : 22/04/2025 13:30:00
2025-04-22 13:45:00,012 INFO: SENSOR DATA By Hour Check : 22/04/2025 13:45:00
2025-04-22 13:45:04,344 INFO: SENSOR DATA By Hour Last update : 22/04/2025 13:45:00
2025-04-22 14:00:00,003 INFO: SENSOR DATA By Hour Check : 22/04/2025 14:00:00
2025-04-22 14:00:04,128 INFO: SENSOR DATA By Hour Last update : 22/04/2025 14:00:00
2025-04-22 14:00:04,128 INFO: SENSOR DATA By Hour Check : 22/04/2025 14:00:04
2025-04-22 14:00:08,147 INFO: SENSOR DATA By Hour Last update : 22/04/2025 14:00:04
2025-04-22 14:15:00,010 INFO: SENSOR DATA By Hour Check : 22/04/2025 14:15:00
2025-04-22 14:15:04,313 INFO: SENSOR DATA By Hour Last update : 22/04/2025 14:15:00
2025-04-22 14:30:00,004 INFO: SENSOR DATA By Hour Check : 22/04/2025 14:30:00
2025-04-22 14:30:04,161 INFO: SENSOR DATA By Hour Last update : 22/04/2025 14:30:00
2025-04-22 14:45:00,011 INFO: SENSOR DATA By Hour Check : 22/04/2025 14:45:00
2025-04-22 14:45:04,323 INFO: SENSOR DATA By Hour Last update : 22/04/2025 14:45:00
2025-04-22 15:00:00,015 INFO: SENSOR DATA By Hour Check : 22/04/2025 15:00:00
2025-04-22 15:00:04,474 INFO: SENSOR DATA By Hour Last update : 22/04/2025 15:00:00
2025-04-22 15:00:04,489 INFO: SENSOR DATA By Hour Check : 22/04/2025 15:00:04
2025-04-22 15:00:08,573 INFO: SENSOR DATA By Hour Last update : 22/04/2025 15:00:04
2025-04-22 15:15:00,011 INFO: SENSOR DATA By Hour Check : 22/04/2025 15:15:00
2025-04-22 15:15:04,181 INFO: SENSOR DATA By Hour Last update : 22/04/2025 15:15:00
2025-04-22 15:30:00,011 INFO: SENSOR DATA By Hour Check : 22/04/2025 15:30:00
2025-04-22 15:30:04,281 INFO: SENSOR DATA By Hour Last update : 22/04/2025 15:30:00
2025-04-22 15:45:00,007 INFO: SENSOR DATA By Hour Check : 22/04/2025 15:45:00
2025-04-22 15:45:04,584 INFO: SENSOR DATA By Hour Last update : 22/04/2025 15:45:00
2025-04-22 16:00:00,000 INFO: SENSOR DATA By Hour Check : 22/04/2025 16:00:00
2025-04-22 16:00:05,810 INFO: SENSOR DATA By Hour Last update : 22/04/2025 16:00:00
2025-04-22 16:00:05,825 INFO: SENSOR DATA By Hour Check : 22/04/2025 16:00:05
2025-04-22 16:00:12,143 INFO: SENSOR DATA By Hour Last update : 22/04/2025 16:00:05
2025-04-22 16:15:00,000 INFO: SENSOR DATA By Hour Check : 22/04/2025 16:15:00
2025-04-22 16:15:06,533 INFO: SENSOR DATA By Hour Last update : 22/04/2025 16:15:00
2025-04-22 16:30:00,000 INFO: SENSOR DATA By Hour Check : 22/04/2025 16:30:00
2025-04-22 16:30:05,527 INFO: SENSOR DATA By Hour Last update : 22/04/2025 16:30:00
2025-04-22 16:45:00,013 INFO: SENSOR DATA By Hour Check : 22/04/2025 16:45:00
2025-04-22 16:45:06,374 INFO: SENSOR DATA By Hour Last update : 22/04/2025 16:45:00
2025-04-22 17:00:00,001 INFO: SENSOR DATA By Hour Check : 22/04/2025 17:00:00
2025-04-22 17:00:05,115 INFO: SENSOR DATA By Hour Last update : 22/04/2025 17:00:00
2025-04-22 17:00:05,115 INFO: SENSOR DATA By Hour Check : 22/04/2025 17:00:05
2025-04-22 17:00:10,230 INFO: SENSOR DATA By Hour Last update : 22/04/2025 17:00:05
2025-04-22 17:15:00,005 INFO: SENSOR DATA By Hour Check : 22/04/2025 17:15:00
2025-04-22 17:15:05,917 INFO: SENSOR DATA By Hour Last update : 22/04/2025 17:15:00
2025-04-22 17:30:00,014 INFO: SENSOR DATA By Hour Check : 22/04/2025 17:30:00
2025-04-22 17:30:06,173 INFO: SENSOR DATA By Hour Last update : 22/04/2025 17:30:00
2025-04-22 17:45:00,000 INFO: SENSOR DATA By Hour Check : 22/04/2025 17:45:00
2025-04-22 17:45:05,418 INFO: SENSOR DATA By Hour Last update : 22/04/2025 17:45:00
2025-04-22 18:00:00,002 INFO: SENSOR DATA By Hour Check : 22/04/2025 18:00:00
2025-04-22 18:00:06,109 INFO: SENSOR DATA By Hour Last update : 22/04/2025 18:00:00
2025-04-22 18:00:06,109 INFO: SENSOR DATA By Hour Check : 22/04/2025 18:00:06
2025-04-22 18:00:11,163 INFO: SENSOR DATA By Hour Last update : 22/04/2025 18:00:06
2025-04-22 18:15:00,000 INFO: SENSOR DATA By Hour Check : 22/04/2025 18:15:00
2025-04-22 18:15:05,242 INFO: SENSOR DATA By Hour Last update : 22/04/2025 18:15:00
2025-04-22 18:30:00,009 INFO: SENSOR DATA By Hour Check : 22/04/2025 18:30:00
2025-04-22 18:30:05,990 INFO: SENSOR DATA By Hour Last update : 22/04/2025 18:30:00
2025-04-22 18:45:00,014 INFO: SENSOR DATA By Hour Check : 22/04/2025 18:45:00
2025-04-22 18:45:05,386 INFO: SENSOR DATA By Hour Last update : 22/04/2025 18:45:00
2025-04-22 19:00:00,009 INFO: SENSOR DATA By Hour Check : 22/04/2025 19:00:00
2025-04-22 19:00:06,107 INFO: SENSOR DATA By Hour Last update : 22/04/2025 19:00:00
2025-04-22 19:00:06,108 INFO: SENSOR DATA By Hour Check : 22/04/2025 19:00:06
2025-04-22 19:00:12,334 INFO: SENSOR DATA By Hour Last update : 22/04/2025 19:00:06
2025-04-22 19:15:00,010 INFO: SENSOR DATA By Hour Check : 22/04/2025 19:15:00
2025-04-22 19:15:06,551 INFO: SENSOR DATA By Hour Last update : 22/04/2025 19:15:00
2025-04-22 19:30:00,006 INFO: SENSOR DATA By Hour Check : 22/04/2025 19:30:00
2025-04-22 19:30:05,164 INFO: SENSOR DATA By Hour Last update : 22/04/2025 19:30:00
2025-04-22 19:45:00,004 INFO: SENSOR DATA By Hour Check : 22/04/2025 19:45:00
2025-04-22 19:45:06,104 INFO: SENSOR DATA By Hour Last update : 22/04/2025 19:45:00
2025-04-22 20:00:00,012 INFO: SENSOR DATA By Hour Check : 22/04/2025 20:00:00
2025-04-22 20:00:05,523 INFO: SENSOR DATA By Hour Last update : 22/04/2025 20:00:00
2025-04-22 20:00:05,523 INFO: SENSOR DATA By Hour Check : 22/04/2025 20:00:05
2025-04-22 20:00:11,440 INFO: SENSOR DATA By Hour Last update : 22/04/2025 20:00:05
2025-04-22 20:15:00,014 INFO: SENSOR DATA By Hour Check : 22/04/2025 20:15:00
2025-04-22 20:15:06,098 INFO: SENSOR DATA By Hour Last update : 22/04/2025 20:15:00
2025-04-22 20:30:00,012 INFO: SENSOR DATA By Hour Check : 22/04/2025 20:30:00
2025-04-22 20:30:05,337 INFO: SENSOR DATA By Hour Last update : 22/04/2025 20:30:00
2025-04-22 20:45:00,006 INFO: SENSOR DATA By Hour Check : 22/04/2025 20:45:00
2025-04-22 20:45:06,158 INFO: SENSOR DATA By Hour Last update : 22/04/2025 20:45:00
2025-04-22 21:00:00,010 INFO: SENSOR DATA By Hour Check : 22/04/2025 21:00:00
2025-04-22 21:00:05,084 INFO: SENSOR DATA By Hour Last update : 22/04/2025 21:00:00
2025-04-22 21:00:05,084 INFO: SENSOR DATA By Hour Check : 22/04/2025 21:00:05
2025-04-22 21:00:10,082 INFO: SENSOR DATA By Hour Last update : 22/04/2025 21:00:05
2025-04-22 21:15:00,011 INFO: SENSOR DATA By Hour Check : 22/04/2025 21:15:00
2025-04-22 21:15:05,317 INFO: SENSOR DATA By Hour Last update : 22/04/2025 21:15:00
2025-04-22 21:30:00,001 INFO: SENSOR DATA By Hour Check : 22/04/2025 21:30:00
2025-04-22 21:30:06,354 INFO: SENSOR DATA By Hour Last update : 22/04/2025 21:30:00
2025-04-22 21:45:00,009 INFO: SENSOR DATA By Hour Check : 22/04/2025 21:45:00
2025-04-22 21:45:06,114 INFO: SENSOR DATA By Hour Last update : 22/04/2025 21:45:00
2025-04-22 22:00:00,015 INFO: SENSOR DATA By Hour Check : 22/04/2025 22:00:00
2025-04-22 22:00:05,462 INFO: SENSOR DATA By Hour Last update : 22/04/2025 22:00:00
2025-04-22 22:00:05,462 INFO: SENSOR DATA By Hour Check : 22/04/2025 22:00:05
2025-04-22 22:00:10,412 INFO: SENSOR DATA By Hour Last update : 22/04/2025 22:00:05
2025-04-22 22:15:00,015 INFO: SENSOR DATA By Hour Check : 22/04/2025 22:15:00
2025-04-22 22:15:05,248 INFO: SENSOR DATA By Hour Last update : 22/04/2025 22:15:00
2025-04-22 22:30:00,014 INFO: SENSOR DATA By Hour Check : 22/04/2025 22:30:00
2025-04-22 22:30:06,505 INFO: SENSOR DATA By Hour Last update : 22/04/2025 22:30:00
2025-04-22 22:45:00,012 INFO: SENSOR DATA By Hour Check : 22/04/2025 22:45:00
2025-04-22 22:45:06,241 INFO: SENSOR DATA By Hour Last update : 22/04/2025 22:45:00
2025-04-22 23:00:00,013 INFO: SENSOR DATA By Hour Check : 22/04/2025 23:00:00
2025-04-22 23:00:06,071 INFO: SENSOR DATA By Hour Last update : 22/04/2025 23:00:00
2025-04-22 23:00:06,071 INFO: SENSOR DATA By Hour Check : 22/04/2025 23:00:06
2025-04-22 23:00:11,560 INFO: SENSOR DATA By Hour Last update : 22/04/2025 23:00:06
2025-04-22 23:15:00,008 INFO: SENSOR DATA By Hour Check : 22/04/2025 23:15:00
2025-04-22 23:15:06,319 INFO: SENSOR DATA By Hour Last update : 22/04/2025 23:15:00
2025-04-22 23:30:00,014 INFO: SENSOR DATA By Hour Check : 22/04/2025 23:30:00
2025-04-22 23:30:07,349 INFO: SENSOR DATA By Hour Last update : 22/04/2025 23:30:00
2025-04-22 23:45:00,012 INFO: SENSOR DATA By Hour Check : 22/04/2025 23:45:00
2025-04-22 23:45:07,375 INFO: SENSOR DATA By Hour Last update : 22/04/2025 23:45:00
2025-04-23 00:00:00,010 INFO: SENSOR DATA By Hour Check : 23/04/2025 00:00:00
2025-04-23 00:00:07,542 INFO: SENSOR DATA By Hour Last update : 23/04/2025 00:00:00
2025-04-23 00:00:07,542 INFO: SENSOR DATA By Hour Check : 23/04/2025 00:00:07
2025-04-23 00:00:15,369 INFO: SENSOR DATA By Hour Last update : 23/04/2025 00:00:07
2025-04-23 00:15:00,002 INFO: SENSOR DATA By Hour Check : 23/04/2025 00:15:00
2025-04-23 00:15:07,512 INFO: SENSOR DATA By Hour Last update : 23/04/2025 00:15:00
2025-04-23 00:30:00,013 INFO: SENSOR DATA By Hour Check : 23/04/2025 00:30:00
2025-04-23 00:30:07,130 INFO: SENSOR DATA By Hour Last update : 23/04/2025 00:30:00
2025-04-23 00:45:00,009 INFO: SENSOR DATA By Hour Check : 23/04/2025 00:45:00
2025-04-23 00:45:07,617 INFO: SENSOR DATA By Hour Last update : 23/04/2025 00:45:00
2025-04-23 01:00:00,014 INFO: SENSOR DATA By Hour Check : 23/04/2025 01:00:00
2025-04-23 01:00:06,386 INFO: SENSOR DATA By Hour Last update : 23/04/2025 01:00:00
2025-04-23 01:00:06,386 INFO: SENSOR DATA By Hour Check : 23/04/2025 01:00:06
2025-04-23 01:00:11,628 INFO: SENSOR DATA By Hour Last update : 23/04/2025 01:00:06
2025-04-23 01:15:00,004 INFO: SENSOR DATA By Hour Check : 23/04/2025 01:15:00
2025-04-23 01:15:06,404 INFO: SENSOR DATA By Hour Last update : 23/04/2025 01:15:00
2025-04-23 01:30:00,002 INFO: SENSOR DATA By Hour Check : 23/04/2025 01:30:00
2025-04-23 01:30:06,867 INFO: SENSOR DATA By Hour Last update : 23/04/2025 01:30:00
2025-04-23 01:45:00,007 INFO: SENSOR DATA By Hour Check : 23/04/2025 01:45:00
2025-04-23 01:45:06,398 INFO: SENSOR DATA By Hour Last update : 23/04/2025 01:45:00
2025-04-23 02:00:00,003 INFO: SENSOR DATA By Hour Check : 23/04/2025 02:00:00
2025-04-23 02:00:07,641 INFO: SENSOR DATA By Hour Last update : 23/04/2025 02:00:00
2025-04-23 02:00:07,641 INFO: SENSOR DATA By Hour Check : 23/04/2025 02:00:07
2025-04-23 02:00:13,773 INFO: SENSOR DATA By Hour Last update : 23/04/2025 02:00:07
2025-04-23 02:15:00,012 INFO: SENSOR DATA By Hour Check : 23/04/2025 02:15:00
2025-04-23 02:15:06,051 INFO: SENSOR DATA By Hour Last update : 23/04/2025 02:15:00
2025-04-23 02:30:00,011 INFO: SENSOR DATA By Hour Check : 23/04/2025 02:30:00
2025-04-23 02:30:06,868 INFO: SENSOR DATA By Hour Last update : 23/04/2025 02:30:00
2025-04-23 02:45:00,004 INFO: SENSOR DATA By Hour Check : 23/04/2025 02:45:00
2025-04-23 02:45:06,357 INFO: SENSOR DATA By Hour Last update : 23/04/2025 02:45:00
2025-04-23 03:00:00,008 INFO: SENSOR DATA By Hour Check : 23/04/2025 03:00:00
2025-04-23 03:00:07,227 INFO: SENSOR DATA By Hour Last update : 23/04/2025 03:00:00
2025-04-23 03:00:07,227 INFO: SENSOR DATA By Hour Check : 23/04/2025 03:00:07
2025-04-23 03:00:13,653 INFO: SENSOR DATA By Hour Last update : 23/04/2025 03:00:07
2025-04-23 03:15:00,000 INFO: SENSOR DATA By Hour Check : 23/04/2025 03:15:00
2025-04-23 03:15:07,460 INFO: SENSOR DATA By Hour Last update : 23/04/2025 03:15:00
2025-04-23 03:30:00,004 INFO: SENSOR DATA By Hour Check : 23/04/2025 03:30:00
2025-04-23 03:30:05,191 INFO: SENSOR DATA By Hour Last update : 23/04/2025 03:30:00
2025-04-23 03:45:00,005 INFO: SENSOR DATA By Hour Check : 23/04/2025 03:45:00
2025-04-23 03:45:06,632 INFO: SENSOR DATA By Hour Last update : 23/04/2025 03:45:00
2025-04-23 04:00:00,002 INFO: SENSOR DATA By Hour Check : 23/04/2025 04:00:00
2025-04-23 04:00:07,712 INFO: SENSOR DATA By Hour Last update : 23/04/2025 04:00:00
2025-04-23 04:00:07,712 INFO: SENSOR DATA By Hour Check : 23/04/2025 04:00:07
2025-04-23 04:00:15,355 INFO: SENSOR DATA By Hour Last update : 23/04/2025 04:00:07
2025-04-23 04:15:00,000 INFO: SENSOR DATA By Hour Check : 23/04/2025 04:15:00
2025-04-23 04:15:07,287 INFO: SENSOR DATA By Hour Last update : 23/04/2025 04:15:00
2025-04-23 04:30:00,001 INFO: SENSOR DATA By Hour Check : 23/04/2025 04:30:00
2025-04-23 04:30:06,547 INFO: SENSOR DATA By Hour Last update : 23/04/2025 04:30:00
2025-04-23 04:45:00,001 INFO: SENSOR DATA By Hour Check : 23/04/2025 04:45:00
2025-04-23 04:45:12,992 INFO: SENSOR DATA By Hour Last update : 23/04/2025 04:45:00
2025-04-23 05:00:00,009 INFO: SENSOR DATA By Hour Check : 23/04/2025 05:00:00
2025-04-23 05:00:06,847 INFO: SENSOR DATA By Hour Last update : 23/04/2025 05:00:00
2025-04-23 05:00:06,847 INFO: SENSOR DATA By Hour Check : 23/04/2025 05:00:06
2025-04-23 05:00:14,194 INFO: SENSOR DATA By Hour Last update : 23/04/2025 05:00:06
2025-04-23 05:15:00,004 INFO: SENSOR DATA By Hour Check : 23/04/2025 05:15:00
2025-04-23 05:15:07,204 INFO: SENSOR DATA By Hour Last update : 23/04/2025 05:15:00
2025-04-23 05:30:00,005 INFO: SENSOR DATA By Hour Check : 23/04/2025 05:30:00
2025-04-23 05:30:05,269 INFO: SENSOR DATA By Hour Last update : 23/04/2025 05:30:00
2025-04-23 05:45:00,013 INFO: SENSOR DATA By Hour Check : 23/04/2025 05:45:00
2025-04-23 05:45:06,509 INFO: SENSOR DATA By Hour Last update : 23/04/2025 05:45:00
2025-04-23 06:00:00,001 INFO: SENSOR DATA By Hour Check : 23/04/2025 06:00:00
2025-04-23 06:00:05,290 INFO: SENSOR DATA By Hour Last update : 23/04/2025 06:00:00
2025-04-23 06:00:05,290 INFO: SENSOR DATA By Hour Check : 23/04/2025 06:00:05
2025-04-23 06:00:10,314 INFO: SENSOR DATA By Hour Last update : 23/04/2025 06:00:05
2025-04-23 06:15:00,004 INFO: SENSOR DATA By Hour Check : 23/04/2025 06:15:00
2025-04-23 06:15:05,341 INFO: SENSOR DATA By Hour Last update : 23/04/2025 06:15:00
2025-04-23 06:30:00,008 INFO: SENSOR DATA By Hour Check : 23/04/2025 06:30:00
2025-04-23 06:30:06,415 INFO: SENSOR DATA By Hour Last update : 23/04/2025 06:30:00
2025-04-23 06:45:00,003 INFO: SENSOR DATA By Hour Check : 23/04/2025 06:45:00
2025-04-23 06:45:06,953 INFO: SENSOR DATA By Hour Last update : 23/04/2025 06:45:00
2025-04-23 07:00:00,010 INFO: SENSOR DATA By Hour Check : 23/04/2025 07:00:00
2025-04-23 07:00:07,793 INFO: SENSOR DATA By Hour Last update : 23/04/2025 07:00:00
2025-04-23 07:00:07,793 INFO: SENSOR DATA By Hour Check : 23/04/2025 07:00:07
2025-04-23 07:00:14,072 INFO: SENSOR DATA By Hour Last update : 23/04/2025 07:00:07
2025-04-23 07:15:00,003 INFO: SENSOR DATA By Hour Check : 23/04/2025 07:15:00
2025-04-23 07:15:06,248 INFO: SENSOR DATA By Hour Last update : 23/04/2025 07:15:00
2025-04-23 07:30:00,001 INFO: SENSOR DATA By Hour Check : 23/04/2025 07:30:00
2025-04-23 07:30:05,946 INFO: SENSOR DATA By Hour Last update : 23/04/2025 07:30:00
2025-04-23 07:45:00,002 INFO: SENSOR DATA By Hour Check : 23/04/2025 07:45:00
2025-04-23 07:45:06,431 INFO: SENSOR DATA By Hour Last update : 23/04/2025 07:45:00
2025-04-23 08:00:00,012 INFO: SENSOR DATA By Hour Check : 23/04/2025 08:00:00
2025-04-23 08:00:07,403 INFO: SENSOR DATA By Hour Last update : 23/04/2025 08:00:00
2025-04-23 08:00:07,403 INFO: SENSOR DATA By Hour Check : 23/04/2025 08:00:07
2025-04-23 08:00:13,687 INFO: SENSOR DATA By Hour Last update : 23/04/2025 08:00:07
2025-04-23 08:15:00,003 INFO: SENSOR DATA By Hour Check : 23/04/2025 08:15:00
2025-04-23 08:15:06,791 INFO: SENSOR DATA By Hour Last update : 23/04/2025 08:15:00
2025-04-23 08:30:00,005 INFO: SENSOR DATA By Hour Check : 23/04/2025 08:30:00
2025-04-23 08:30:04,260 INFO: SENSOR DATA By Hour Last update : 23/04/2025 08:30:00
2025-04-23 08:45:00,012 INFO: SENSOR DATA By Hour Check : 23/04/2025 08:45:00
2025-04-23 08:45:04,128 INFO: SENSOR DATA By Hour Last update : 23/04/2025 08:45:00
2025-04-23 09:00:00,013 INFO: SENSOR DATA By Hour Check : 23/04/2025 09:00:00
2025-04-23 09:00:04,317 INFO: SENSOR DATA By Hour Last update : 23/04/2025 09:00:00
2025-04-23 09:00:04,317 INFO: SENSOR DATA By Hour Check : 23/04/2025 09:00:04
2025-04-23 09:00:08,518 INFO: SENSOR DATA By Hour Last update : 23/04/2025 09:00:04
2025-04-23 09:15:00,013 INFO: SENSOR DATA By Hour Check : 23/04/2025 09:15:00
2025-04-23 09:15:04,250 INFO: SENSOR DATA By Hour Last update : 23/04/2025 09:15:00
2025-04-23 12:37:15,829 INFO:  Logger started from configuration
2025-04-23 12:40:20,317 INFO:  Logger started from configuration
2025-04-23 12:41:26,786 INFO:  Logger started from configuration
2025-04-23 12:43:47,554 INFO:  Logger started from configuration
2025-04-23 12:44:41,604 INFO:  Logger started from configuration
2025-04-23 12:52:00,004 INFO: SENSOR DATA By Hour Check : 23/04/2025 12:52:00
2025-04-23 12:52:08,368 INFO: SENSOR DATA By Hour Last update : 23/04/2025 12:52:00
2025-04-23 12:55:24,046 INFO:  Logger started from configuration
