2025-04-23 21:18:34,239 INFO: Starting AI Engine Service with config: D:\ChayRungProject\FireDetector\input.json
2025-04-23 21:18:34,243 INFO: [DB CONFIG] Database configured: WFDS on 192.168.54.39
2025-04-23 21:18:34,249 INFO: SENSOR DATA SQL Working on data sensor done...
2025-04-23 21:18:34,249 INFO: [CONFIG] Image folder: D:\EWFDS\wwwroot\img\SocSon\ImgForAI
2025-04-23 21:18:34,249 INFO: [CONFIG] Save results to: D:\EWFDS\wwwroot\img\SocSon\KetQuaAI
2025-04-23 21:18:34,269 INFO: Using device: CUDA
2025-04-23 21:18:34,269 INFO: Yolo folder: D:\ChayRungProject\FireDetector\ModelLoader\trained
2025-04-23 21:18:34,509 INFO: [DB CONFIG] Database configured: WFDS on 192.168.54.39
2025-04-23 21:18:36,309 INFO: Completed load ML model! Using:cuda 
2025-04-23 21:18:38,799 INFO: AI ENGINE running ...
2025-04-23 21:18:38,799 INFO: AI ENGINE running ...
2025-04-23 21:26:03,193 INFO: AI ENGINE running ...
2025-04-23 21:33:00,007 INFO: SENSOR DATA By Hour Check : 23/04/2025 21:33:00
2025-04-23 21:33:04,307 INFO: SENSOR DATA By Hour Check : 23/04/2025 21:33:04
2025-04-23 21:33:04,517 INFO: SENSOR DATA By Hour Last update : 23/04/2025 21:33:00
2025-04-23 21:33:08,497 INFO: SENSOR DATA By Hour Last update : 23/04/2025 21:33:04
2025-04-23 21:33:36,287 INFO: AI ENGINE running ...
2025-04-23 21:33:43,220 INFO: Inserting data in tbDamChay successful!
2025-04-23 21:33:43,220 INFO: Email sending time is out of range time send: 7 - 17 hours
2025-04-23 21:41:01,987 INFO: AI ENGINE running ...
2025-04-23 21:43:35,189 INFO: Inserting data in tbDamChay successful!
2025-04-23 21:43:35,189 INFO: Email sending time is out of range time send: 7 - 17 hours
2025-04-23 21:48:00,000 INFO: SENSOR DATA By Hour Check : 23/04/2025 21:48:00
2025-04-23 21:48:02,836 INFO: SENSOR DATA By Hour Check : 23/04/2025 21:48:02
2025-04-23 21:48:04,247 INFO: SENSOR DATA By Hour Last update : 23/04/2025 21:48:00
2025-04-23 21:48:07,121 INFO: SENSOR DATA By Hour Last update : 23/04/2025 21:48:02
2025-04-23 21:48:33,408 INFO: AI ENGINE running ...
2025-04-23 21:53:09,666 INFO: Inserting data in tbDamChay successful!
2025-04-23 21:53:09,666 INFO: Email sending time is out of range time send: 7 - 17 hours
2025-04-23 21:56:05,133 INFO: AI ENGINE running ...
2025-04-23 22:00:00,000 INFO: SENSOR DATA By Hour Check : 23/04/2025 22:00:00
2025-04-23 22:00:00,201 INFO: SENSOR DATA By Hour Check : 23/04/2025 22:00:00
2025-04-23 22:00:04,970 INFO: SENSOR DATA By Hour Last update : 23/04/2025 22:00:00
2025-04-23 22:00:05,045 INFO: SENSOR DATA By Hour Last update : 23/04/2025 22:00:00
2025-04-23 22:02:29,252 INFO: Inserting data in tbDamChay successful!
2025-04-23 22:02:29,252 INFO: Email sending time is out of range time send: 7 - 17 hours
2025-04-23 22:03:42,056 INFO: AI ENGINE running ...
2025-04-23 22:05:32,417 INFO: Inserting data in tbDamChay successful!
2025-04-23 22:05:32,417 INFO: Email sending time is out of range time send: 7 - 17 hours
2025-04-23 22:09:55,925 INFO: Inserting data in tbDamChay successful!
2025-04-23 22:09:55,925 INFO: Email sending time is out of range time send: 7 - 17 hours
2025-04-23 22:11:10,121 INFO: AI ENGINE running ...
2025-04-23 22:14:48,343 INFO: Inserting data in tbDamChay successful!
2025-04-23 22:14:48,343 INFO: Email sending time is out of range time send: 7 - 17 hours
2025-04-23 22:15:00,003 INFO: SENSOR DATA By Hour Check : 23/04/2025 22:15:00
2025-04-23 22:15:00,443 INFO: SENSOR DATA By Hour Check : 23/04/2025 22:15:00
2025-04-23 22:15:04,893 INFO: SENSOR DATA By Hour Last update : 23/04/2025 22:15:00
2025-04-23 22:15:05,173 INFO: SENSOR DATA By Hour Last update : 23/04/2025 22:15:00
2025-04-23 22:17:55,284 INFO: Inserting data in tbDamChay successful!
2025-04-23 22:17:55,284 INFO: Email sending time is out of range time send: 7 - 17 hours
2025-04-23 22:18:53,343 INFO: AI ENGINE running ...
2025-04-23 22:24:08,459 INFO: Inserting data in tbDamChay successful!
2025-04-23 22:24:08,459 INFO: Email sending time is out of range time send: 7 - 17 hours
2025-04-23 22:26:25,994 INFO: AI ENGINE running ...
2025-04-23 22:27:08,703 INFO: Inserting data in tbDamChay successful!
2025-04-23 22:27:08,703 INFO: Email sending time is out of range time send: 7 - 17 hours
2025-04-23 22:30:00,001 INFO: SENSOR DATA By Hour Check : 23/04/2025 22:30:00
2025-04-23 22:30:01,466 INFO: SENSOR DATA By Hour Check : 23/04/2025 22:30:01
2025-04-23 22:30:04,471 INFO: SENSOR DATA By Hour Last update : 23/04/2025 22:30:00
2025-04-23 22:30:05,940 INFO: SENSOR DATA By Hour Last update : 23/04/2025 22:30:01
2025-04-23 22:34:01,591 INFO: AI ENGINE running ...
2025-04-23 22:38:46,093 INFO: Inserting data in tbDamChay successful!
2025-04-23 22:38:46,093 INFO: Email sending time is out of range time send: 7 - 17 hours
2025-04-23 22:41:31,912 INFO: AI ENGINE running ...
2025-04-23 22:43:17,510 INFO: Inserting data in tbDamChay successful!
2025-04-23 22:43:17,510 INFO: Email sending time is out of range time send: 7 - 17 hours
2025-04-23 22:45:00,003 INFO: SENSOR DATA By Hour Check : 23/04/2025 22:45:00
2025-04-23 22:45:04,168 INFO: SENSOR DATA By Hour Check : 23/04/2025 22:45:04
2025-04-23 22:45:04,628 INFO: SENSOR DATA By Hour Last update : 23/04/2025 22:45:00
2025-04-23 22:45:08,278 INFO: SENSOR DATA By Hour Last update : 23/04/2025 22:45:04
2025-04-23 22:49:02,775 INFO: AI ENGINE running ...
2025-04-23 22:50:47,904 INFO: Inserting data in tbDamChay successful!
2025-04-23 22:50:47,904 INFO: Email sending time is out of range time send: 7 - 17 hours
2025-04-23 22:56:33,029 INFO: AI ENGINE running ...
2025-04-23 22:57:44,158 INFO: Inserting data in tbDamChay successful!
2025-04-23 22:57:44,158 INFO: Email sending time is out of range time send: 7 - 17 hours
2025-04-23 23:00:00,001 INFO: SENSOR DATA By Hour Check : 23/04/2025 23:00:00
2025-04-23 23:00:00,168 INFO: SENSOR DATA By Hour Check : 23/04/2025 23:00:00
2025-04-23 23:00:04,746 INFO: SENSOR DATA By Hour Last update : 23/04/2025 23:00:00
2025-04-23 23:00:04,756 INFO: SENSOR DATA By Hour Check : 23/04/2025 23:00:04
2025-04-23 23:00:04,786 INFO: SENSOR DATA By Hour Last update : 23/04/2025 23:00:00
2025-04-23 23:00:09,116 INFO: SENSOR DATA By Hour Last update : 23/04/2025 23:00:04
2025-04-23 23:00:13,567 INFO: SENSOR DATA By Hour Check : 23/04/2025 23:00:13
2025-04-23 23:00:17,716 INFO: SENSOR DATA By Hour Last update : 23/04/2025 23:00:13
2025-04-23 23:00:49,490 INFO: Inserting data in tbDamChay successful!
2025-04-23 23:00:49,490 INFO: Email sending time is out of range time send: 7 - 17 hours
2025-04-23 23:04:11,298 INFO: AI ENGINE running ...
2025-04-23 23:11:46,267 INFO: AI ENGINE running ...
2025-04-23 23:15:00,004 INFO: SENSOR DATA By Hour Check : 23/04/2025 23:15:00
2025-04-23 23:15:03,833 INFO: SENSOR DATA By Hour Check : 23/04/2025 23:15:03
2025-04-23 23:15:04,634 INFO: SENSOR DATA By Hour Last update : 23/04/2025 23:15:00
2025-04-23 23:15:07,994 INFO: SENSOR DATA By Hour Last update : 23/04/2025 23:15:03
2025-04-23 23:19:17,157 INFO: AI ENGINE running ...
2025-04-23 23:26:48,734 INFO: AI ENGINE running ...
2025-04-23 23:30:00,001 INFO: SENSOR DATA By Hour Check : 23/04/2025 23:30:00
2025-04-23 23:30:02,792 INFO: SENSOR DATA By Hour Check : 23/04/2025 23:30:02
2025-04-23 23:30:04,292 INFO: SENSOR DATA By Hour Last update : 23/04/2025 23:30:00
2025-04-23 23:30:06,951 INFO: SENSOR DATA By Hour Last update : 23/04/2025 23:30:02
2025-04-23 23:34:14,863 INFO: AI ENGINE running ...
2025-04-23 23:41:44,329 INFO: AI ENGINE running ...
2025-04-23 23:45:00,004 INFO: SENSOR DATA By Hour Check : 23/04/2025 23:45:00
2025-04-23 23:45:02,659 INFO: SENSOR DATA By Hour Check : 23/04/2025 23:45:02
2025-04-23 23:45:04,294 INFO: SENSOR DATA By Hour Last update : 23/04/2025 23:45:00
2025-04-23 23:45:06,969 INFO: SENSOR DATA By Hour Last update : 23/04/2025 23:45:02
2025-04-23 23:48:03,357 INFO: Inserting data in tbDamChay successful!
2025-04-23 23:48:03,357 INFO: Email sending time is out of range time send: 7 - 17 hours
2025-04-23 23:49:16,989 INFO: AI ENGINE running ...
2025-04-23 23:56:50,424 INFO: AI ENGINE running ...
2025-04-24 00:00:00,002 INFO: SENSOR DATA By Hour Check : 24/04/2025 00:00:00
2025-04-24 00:00:04,547 INFO: SENSOR DATA By Hour Last update : 24/04/2025 00:00:00
2025-04-24 00:00:04,547 INFO: SENSOR DATA By Hour Check : 24/04/2025 00:00:04
2025-04-24 00:00:05,483 INFO: Inserting data in tbDamChay successful!
2025-04-24 00:00:05,483 INFO: Email sending time is out of range time send: 7 - 17 hours
2025-04-24 00:00:08,517 INFO: SENSOR DATA By Hour Check : 24/04/2025 00:00:08
2025-04-24 00:00:09,097 INFO: SENSOR DATA By Hour Last update : 24/04/2025 00:00:04
2025-04-24 00:00:12,632 INFO: SENSOR DATA By Hour Last update : 24/04/2025 00:00:08
2025-04-24 00:00:12,687 ERROR: [LOAD ERROR] ImagesDetector.DetectFireInImages.load: list index out of range
2025-04-24 00:00:14,808 INFO: SENSOR DATA By Hour Check : 24/04/2025 00:00:14
2025-04-24 00:00:19,007 INFO: SENSOR DATA By Hour Last update : 24/04/2025 00:00:14
2025-04-24 00:00:19,007 ERROR: [LOAD ERROR] ImagesDetector.DetectFireInImages.load: list index out of range
2025-04-24 00:00:21,140 ERROR: [LOAD ERROR] ImagesDetector.DetectFireInImages.load: list index out of range
2025-04-24 00:00:23,274 ERROR: [LOAD ERROR] ImagesDetector.DetectFireInImages.load: list index out of range
2025-04-24 00:00:25,417 ERROR: [LOAD ERROR] ImagesDetector.DetectFireInImages.load: list index out of range
2025-04-24 00:00:27,547 ERROR: [LOAD ERROR] ImagesDetector.DetectFireInImages.load: list index out of range
2025-04-24 00:00:29,673 ERROR: [LOAD ERROR] ImagesDetector.DetectFireInImages.load: list index out of range
2025-04-24 00:00:31,803 ERROR: [LOAD ERROR] ImagesDetector.DetectFireInImages.load: list index out of range
2025-04-24 00:00:33,940 ERROR: [LOAD ERROR] ImagesDetector.DetectFireInImages.load: list index out of range
2025-04-24 00:00:36,066 ERROR: [LOAD ERROR] ImagesDetector.DetectFireInImages.load: list index out of range
2025-04-24 00:00:38,182 ERROR: [LOAD ERROR] ImagesDetector.DetectFireInImages.load: list index out of range
2025-04-24 00:00:40,321 ERROR: [LOAD ERROR] ImagesDetector.DetectFireInImages.load: list index out of range
2025-04-24 00:03:04,615 INFO: AI ENGINE running ...
2025-04-24 00:10:35,061 INFO: AI ENGINE running ...
2025-04-24 00:15:00,000 INFO: SENSOR DATA By Hour Check : 24/04/2025 00:15:00
2025-04-24 00:15:04,265 INFO: SENSOR DATA By Hour Check : 24/04/2025 00:15:04
2025-04-24 00:15:04,465 INFO: SENSOR DATA By Hour Last update : 24/04/2025 00:15:00
2025-04-24 00:15:08,475 INFO: SENSOR DATA By Hour Last update : 24/04/2025 00:15:04
2025-04-24 00:16:55,853 INFO: Inserting data in tbDamChay successful!
2025-04-24 00:16:55,853 INFO: Email sending time is out of range time send: 7 - 17 hours
2025-04-24 00:18:08,772 INFO: AI ENGINE running ...
2025-04-24 00:25:34,666 INFO: AI ENGINE running ...
2025-04-24 00:30:00,002 INFO: SENSOR DATA By Hour Check : 24/04/2025 00:30:00
2025-04-24 00:30:03,743 INFO: SENSOR DATA By Hour Check : 24/04/2025 00:30:03
2025-04-24 00:30:04,532 INFO: SENSOR DATA By Hour Last update : 24/04/2025 00:30:00
2025-04-24 00:30:08,022 INFO: SENSOR DATA By Hour Last update : 24/04/2025 00:30:03
2025-04-24 00:31:17,335 INFO: Inserting data in tbDamChay successful!
2025-04-24 00:31:17,342 INFO: Email sending time is out of range time send: 7 - 17 hours
2025-04-24 00:33:07,673 INFO: AI ENGINE running ...
2025-04-24 00:34:26,457 INFO: Inserting data in tbDamChay successful!
2025-04-24 00:34:26,459 INFO: Email sending time is out of range time send: 7 - 17 hours
2025-04-24 00:40:40,584 INFO: AI ENGINE running ...
2025-04-24 00:45:00,000 INFO: SENSOR DATA By Hour Check : 24/04/2025 00:45:00
2025-04-24 00:45:04,430 INFO: SENSOR DATA By Hour Last update : 24/04/2025 00:45:00
2025-04-24 00:45:08,613 INFO: SENSOR DATA By Hour Check : 24/04/2025 00:45:08
2025-04-24 00:45:12,800 INFO: SENSOR DATA By Hour Last update : 24/04/2025 00:45:08
2025-04-24 00:48:11,025 INFO: AI ENGINE running ...
2025-04-24 00:55:38,071 INFO: AI ENGINE running ...
2025-04-24 00:58:24,959 INFO: Inserting data in tbDamChay successful!
2025-04-24 00:58:24,959 INFO: Email sending time is out of range time send: 7 - 17 hours
2025-04-24 01:00:00,003 INFO: SENSOR DATA By Hour Check : 24/04/2025 01:00:00
2025-04-24 01:00:04,538 INFO: SENSOR DATA By Hour Last update : 24/04/2025 01:00:00
2025-04-24 01:00:04,538 INFO: SENSOR DATA By Hour Check : 24/04/2025 01:00:04
2025-04-24 01:00:04,612 INFO: SENSOR DATA By Hour Check : 24/04/2025 01:00:04
2025-04-24 01:00:09,518 INFO: SENSOR DATA By Hour Last update : 24/04/2025 01:00:04
2025-04-24 01:00:09,598 INFO: SENSOR DATA By Hour Last update : 24/04/2025 01:00:04
2025-04-24 01:00:18,525 INFO: SENSOR DATA By Hour Check : 24/04/2025 01:00:18
2025-04-24 01:00:22,637 INFO: SENSOR DATA By Hour Last update : 24/04/2025 01:00:18
2025-04-24 01:02:26,042 INFO: Inserting data in tbDamChay successful!
2025-04-24 01:02:26,042 INFO: Email sending time is out of range time send: 7 - 17 hours
2025-04-24 01:03:13,296 INFO: AI ENGINE running ...
2025-04-24 01:09:42,960 INFO: Inserting data in tbDamChay successful!
2025-04-24 01:09:42,960 INFO: Email sending time is out of range time send: 7 - 17 hours
2025-04-24 01:10:40,180 INFO: AI ENGINE running ...
2025-04-24 01:14:48,156 INFO: Inserting data in tbDamChay successful!
2025-04-24 01:14:48,156 INFO: Email sending time is out of range time send: 7 - 17 hours
2025-04-24 01:15:00,000 INFO: SENSOR DATA By Hour Check : 24/04/2025 01:15:00
2025-04-24 01:15:04,366 INFO: SENSOR DATA By Hour Last update : 24/04/2025 01:15:00
2025-04-24 01:15:08,591 INFO: SENSOR DATA By Hour Check : 24/04/2025 01:15:08
2025-04-24 01:15:12,816 INFO: SENSOR DATA By Hour Last update : 24/04/2025 01:15:08
2025-04-24 01:18:12,399 INFO: AI ENGINE running ...
2025-04-24 01:25:38,927 INFO: AI ENGINE running ...
2025-04-24 01:28:56,705 INFO: Inserting data in tbDamChay successful!
2025-04-24 01:28:56,705 INFO: Email sending time is out of range time send: 7 - 17 hours
2025-04-24 01:30:00,001 INFO: SENSOR DATA By Hour Check : 24/04/2025 01:30:00
2025-04-24 01:30:01,516 INFO: SENSOR DATA By Hour Check : 24/04/2025 01:30:01
2025-04-24 01:30:04,443 INFO: SENSOR DATA By Hour Last update : 24/04/2025 01:30:00
2025-04-24 01:30:05,988 INFO: SENSOR DATA By Hour Last update : 24/04/2025 01:30:01
2025-04-24 01:33:13,637 INFO: AI ENGINE running ...
2025-04-24 01:40:42,460 INFO: AI ENGINE running ...
2025-04-24 01:40:49,540 INFO: Inserting data in tbDamChay successful!
2025-04-24 01:40:49,544 INFO: Email sending time is out of range time send: 7 - 17 hours
2025-04-24 01:45:00,001 INFO: SENSOR DATA By Hour Check : 24/04/2025 01:45:00
2025-04-24 01:45:03,181 INFO: SENSOR DATA By Hour Check : 24/04/2025 01:45:03
2025-04-24 01:45:04,361 INFO: SENSOR DATA By Hour Last update : 24/04/2025 01:45:00
2025-04-24 01:45:07,427 INFO: SENSOR DATA By Hour Last update : 24/04/2025 01:45:03
2025-04-24 01:48:15,249 INFO: AI ENGINE running ...
2025-04-24 01:50:30,042 INFO: Inserting data in tbDamChay successful!
2025-04-24 01:50:30,042 INFO: Email sending time is out of range time send: 7 - 17 hours
2025-04-24 01:55:47,485 INFO: AI ENGINE running ...
2025-04-24 02:00:00,004 INFO: SENSOR DATA By Hour Check : 24/04/2025 02:00:00
2025-04-24 02:00:00,919 INFO: SENSOR DATA By Hour Check : 24/04/2025 02:00:00
2025-04-24 02:00:04,779 INFO: SENSOR DATA By Hour Last update : 24/04/2025 02:00:00
2025-04-24 02:00:04,779 INFO: SENSOR DATA By Hour Check : 24/04/2025 02:00:04
2025-04-24 02:00:05,549 INFO: SENSOR DATA By Hour Last update : 24/04/2025 02:00:00
2025-04-24 02:00:09,269 INFO: SENSOR DATA By Hour Last update : 24/04/2025 02:00:04
2025-04-24 02:00:14,719 INFO: SENSOR DATA By Hour Check : 24/04/2025 02:00:14
2025-04-24 02:00:18,849 INFO: SENSOR DATA By Hour Last update : 24/04/2025 02:00:14
2025-04-24 02:03:17,117 INFO: AI ENGINE running ...
2025-04-24 02:10:45,150 INFO: AI ENGINE running ...
2025-04-24 02:14:29,959 INFO: Inserting data in tbDamChay successful!
2025-04-24 02:14:29,959 INFO: Email sending time is out of range time send: 7 - 17 hours
2025-04-24 02:15:00,002 INFO: SENSOR DATA By Hour Check : 24/04/2025 02:15:00
2025-04-24 02:15:00,036 INFO: SENSOR DATA By Hour Check : 24/04/2025 02:15:00
2025-04-24 02:15:04,677 INFO: SENSOR DATA By Hour Last update : 24/04/2025 02:15:00
2025-04-24 02:15:04,826 INFO: SENSOR DATA By Hour Last update : 24/04/2025 02:15:00
2025-04-24 02:18:18,134 INFO: AI ENGINE running ...
2025-04-24 02:25:43,643 INFO: AI ENGINE running ...
2025-04-24 02:28:51,035 INFO: Inserting data in tbDamChay successful!
2025-04-24 02:28:51,035 INFO: Email sending time is out of range time send: 7 - 17 hours
2025-04-24 02:30:00,001 INFO: SENSOR DATA By Hour Check : 24/04/2025 02:30:00
2025-04-24 02:30:03,204 INFO: SENSOR DATA By Hour Check : 24/04/2025 02:30:03
2025-04-24 02:30:04,374 INFO: SENSOR DATA By Hour Last update : 24/04/2025 02:30:00
2025-04-24 02:30:07,424 INFO: SENSOR DATA By Hour Last update : 24/04/2025 02:30:03
2025-04-24 02:33:16,807 INFO: AI ENGINE running ...
2025-04-24 02:38:48,249 INFO: Inserting data in tbDamChay successful!
2025-04-24 02:38:48,249 INFO: Email sending time is out of range time send: 7 - 17 hours
2025-04-24 02:40:49,232 INFO: AI ENGINE running ...
2025-04-24 02:45:00,002 INFO: SENSOR DATA By Hour Check : 24/04/2025 02:45:00
2025-04-24 02:45:04,722 INFO: SENSOR DATA By Hour Last update : 24/04/2025 02:45:00
2025-04-24 02:45:06,751 INFO: SENSOR DATA By Hour Check : 24/04/2025 02:45:06
2025-04-24 02:45:10,952 INFO: SENSOR DATA By Hour Last update : 24/04/2025 02:45:06
2025-04-24 02:48:21,327 INFO: AI ENGINE running ...
2025-04-24 02:50:43,265 INFO: Inserting data in tbDamChay successful!
2025-04-24 02:50:43,265 INFO: Email sending time is out of range time send: 7 - 17 hours
2025-04-24 02:55:47,285 INFO: AI ENGINE running ...
2025-04-24 03:00:00,000 INFO: SENSOR DATA By Hour Check : 24/04/2025 03:00:00
2025-04-24 03:00:04,650 INFO: SENSOR DATA By Hour Last update : 24/04/2025 03:00:00
2025-04-24 03:00:04,650 INFO: SENSOR DATA By Hour Check : 24/04/2025 03:00:04
2025-04-24 03:00:07,430 INFO: SENSOR DATA By Hour Check : 24/04/2025 03:00:07
2025-04-24 03:00:08,804 INFO: SENSOR DATA By Hour Last update : 24/04/2025 03:00:04
2025-04-24 03:00:11,600 INFO: SENSOR DATA By Hour Last update : 24/04/2025 03:00:07
2025-04-24 03:00:19,093 INFO: SENSOR DATA By Hour Check : 24/04/2025 03:00:19
2025-04-24 03:00:23,180 INFO: SENSOR DATA By Hour Last update : 24/04/2025 03:00:19
2025-04-24 03:03:21,997 INFO: AI ENGINE running ...
2025-04-24 03:04:51,361 INFO: Inserting data in tbDamChay successful!
2025-04-24 03:04:51,361 INFO: Email sending time is out of range time send: 7 - 17 hours
2025-04-24 03:10:53,462 INFO: AI ENGINE running ...
2025-04-24 03:15:00,007 INFO: SENSOR DATA By Hour Check : 24/04/2025 03:15:00
2025-04-24 03:15:04,438 INFO: SENSOR DATA By Hour Last update : 24/04/2025 03:15:00
2025-04-24 03:15:06,071 INFO: SENSOR DATA By Hour Check : 24/04/2025 03:15:06
2025-04-24 03:15:10,207 INFO: SENSOR DATA By Hour Last update : 24/04/2025 03:15:06
2025-04-24 03:17:23,986 INFO: Inserting data in tbDamChay successful!
2025-04-24 03:17:23,986 INFO: Email sending time is out of range time send: 7 - 17 hours
2025-04-24 03:18:19,555 INFO: AI ENGINE running ...
2025-04-24 03:24:25,121 INFO: Inserting data in tbDamChay successful!
2025-04-24 03:24:25,121 INFO: Email sending time is out of range time send: 7 - 17 hours
2025-04-24 03:25:50,065 INFO: AI ENGINE running ...
2025-04-24 03:30:00,001 INFO: SENSOR DATA By Hour Check : 24/04/2025 03:30:00
2025-04-24 03:30:03,245 INFO: SENSOR DATA By Hour Check : 24/04/2025 03:30:03
2025-04-24 03:30:04,345 INFO: SENSOR DATA By Hour Last update : 24/04/2025 03:30:00
2025-04-24 03:30:07,460 INFO: SENSOR DATA By Hour Last update : 24/04/2025 03:30:03
2025-04-24 03:33:23,333 INFO: AI ENGINE running ...
2025-04-24 03:40:51,063 INFO: AI ENGINE running ...
2025-04-24 03:45:00,001 INFO: SENSOR DATA By Hour Check : 24/04/2025 03:45:00
2025-04-24 03:45:04,733 INFO: SENSOR DATA By Hour Last update : 24/04/2025 03:45:00
2025-04-24 03:45:06,117 INFO: SENSOR DATA By Hour Check : 24/04/2025 03:45:06
2025-04-24 03:45:10,317 INFO: SENSOR DATA By Hour Last update : 24/04/2025 03:45:06
2025-04-24 03:48:16,299 INFO: AI ENGINE running ...
2025-04-24 03:52:51,890 INFO: Inserting data in tbDamChay successful!
2025-04-24 03:52:51,890 INFO: Email sending time is out of range time send: 7 - 17 hours
2025-04-24 03:55:40,316 INFO: AI ENGINE running ...
2025-04-24 04:00:00,001 INFO: SENSOR DATA By Hour Check : 24/04/2025 04:00:00
2025-04-24 04:00:00,727 INFO: SENSOR DATA By Hour Check : 24/04/2025 04:00:00
2025-04-24 04:00:04,852 INFO: SENSOR DATA By Hour Last update : 24/04/2025 04:00:00
2025-04-24 04:00:04,852 INFO: SENSOR DATA By Hour Check : 24/04/2025 04:00:04
2025-04-24 04:00:05,411 INFO: SENSOR DATA By Hour Last update : 24/04/2025 04:00:00
2025-04-24 04:00:09,231 INFO: SENSOR DATA By Hour Last update : 24/04/2025 04:00:04
2025-04-24 04:00:14,556 INFO: SENSOR DATA By Hour Check : 24/04/2025 04:00:14
2025-04-24 04:00:18,641 INFO: SENSOR DATA By Hour Last update : 24/04/2025 04:00:14
2025-04-24 04:03:21,135 INFO: AI ENGINE running ...
2025-04-24 04:04:56,022 INFO: Inserting data in tbDamChay successful!
2025-04-24 04:04:56,025 INFO: Email sending time is out of range time send: 7 - 17 hours
2025-04-24 04:08:02,109 INFO: Inserting data in tbDamChay successful!
2025-04-24 04:08:02,109 INFO: Email sending time is out of range time send: 7 - 17 hours
2025-04-24 04:10:46,158 INFO: AI ENGINE running ...
2025-04-24 04:15:00,004 INFO: SENSOR DATA By Hour Check : 24/04/2025 04:15:00
2025-04-24 04:15:04,749 INFO: SENSOR DATA By Hour Last update : 24/04/2025 04:15:00
2025-04-24 04:15:06,124 INFO: SENSOR DATA By Hour Check : 24/04/2025 04:15:06
2025-04-24 04:15:10,303 INFO: SENSOR DATA By Hour Last update : 24/04/2025 04:15:06
2025-04-24 04:16:54,071 INFO: Inserting data in tbDamChay successful!
2025-04-24 04:16:54,071 INFO: Email sending time is out of range time send: 7 - 17 hours
2025-04-24 04:18:15,180 INFO: AI ENGINE running ...
2025-04-24 04:25:41,790 INFO: AI ENGINE running ...
2025-04-24 04:30:00,007 INFO: SENSOR DATA By Hour Check : 24/04/2025 04:30:00
2025-04-24 04:30:04,697 INFO: SENSOR DATA By Hour Last update : 24/04/2025 04:30:00
2025-04-24 04:30:06,822 INFO: SENSOR DATA By Hour Check : 24/04/2025 04:30:06
2025-04-24 04:30:10,927 INFO: SENSOR DATA By Hour Last update : 24/04/2025 04:30:06
2025-04-24 04:33:10,914 INFO: AI ENGINE running ...
2025-04-24 04:34:26,218 INFO: Inserting data in tbDamChay successful!
2025-04-24 04:34:26,218 INFO: Email sending time is out of range time send: 7 - 17 hours
2025-04-24 04:40:31,915 INFO: AI ENGINE running ...
2025-04-24 04:40:56,728 INFO: Inserting data in tbDamChay successful!
2025-04-24 04:40:56,728 INFO: Email sending time is out of range time send: 7 - 17 hours
2025-04-24 04:45:00,000 INFO: SENSOR DATA By Hour Check : 24/04/2025 04:45:00
2025-04-24 04:45:04,585 INFO: SENSOR DATA By Hour Last update : 24/04/2025 04:45:00
2025-04-24 04:45:08,725 INFO: SENSOR DATA By Hour Check : 24/04/2025 04:45:08
2025-04-24 04:45:12,974 INFO: SENSOR DATA By Hour Last update : 24/04/2025 04:45:08
2025-04-24 04:48:04,903 INFO: AI ENGINE running ...
2025-04-24 04:55:21,266 INFO: Inserting data in tbDamChay successful!
2025-04-24 04:55:21,266 INFO: Email sending time is out of range time send: 7 - 17 hours
2025-04-24 04:55:33,339 INFO: AI ENGINE running ...
2025-04-24 05:00:00,003 INFO: SENSOR DATA By Hour Check : 24/04/2025 05:00:00
2025-04-24 05:00:04,702 INFO: SENSOR DATA By Hour Last update : 24/04/2025 05:00:00
2025-04-24 05:00:04,702 INFO: SENSOR DATA By Hour Check : 24/04/2025 05:00:04
2025-04-24 05:00:05,206 INFO: SENSOR DATA By Hour Check : 24/04/2025 05:00:05
2025-04-24 05:00:09,242 INFO: SENSOR DATA By Hour Last update : 24/04/2025 05:00:04
2025-04-24 05:00:09,703 INFO: SENSOR DATA By Hour Last update : 24/04/2025 05:00:05
2025-04-24 05:00:16,283 INFO: Inserting data in tbDamChay successful!
2025-04-24 05:00:16,283 INFO: Email sending time is out of range time send: 7 - 17 hours
2025-04-24 05:00:19,303 INFO: SENSOR DATA By Hour Check : 24/04/2025 05:00:19
2025-04-24 05:00:23,432 INFO: SENSOR DATA By Hour Last update : 24/04/2025 05:00:19
2025-04-24 05:03:14,780 INFO: AI ENGINE running ...
2025-04-24 05:03:21,560 INFO: Inserting data in tbDamChay successful!
2025-04-24 05:03:21,560 INFO: Email sending time is out of range time send: 7 - 17 hours
2025-04-24 05:10:40,679 INFO: AI ENGINE running ...
2025-04-24 05:15:00,000 INFO: SENSOR DATA By Hour Check : 24/04/2025 05:15:00
2025-04-24 05:15:01,751 INFO: SENSOR DATA By Hour Check : 24/04/2025 05:15:01
2025-04-24 05:15:04,240 INFO: SENSOR DATA By Hour Last update : 24/04/2025 05:15:00
2025-04-24 05:15:06,170 INFO: SENSOR DATA By Hour Last update : 24/04/2025 05:15:01
2025-04-24 05:18:09,602 INFO: AI ENGINE running ...
2025-04-24 05:25:35,810 INFO: AI ENGINE running ...
2025-04-24 05:30:00,004 INFO: SENSOR DATA By Hour Check : 24/04/2025 05:30:00
2025-04-24 05:30:03,258 INFO: SENSOR DATA By Hour Check : 24/04/2025 05:30:03
2025-04-24 05:30:04,546 INFO: SENSOR DATA By Hour Last update : 24/04/2025 05:30:00
2025-04-24 05:30:07,506 INFO: SENSOR DATA By Hour Last update : 24/04/2025 05:30:03
2025-04-24 05:33:06,333 INFO: AI ENGINE running ...
2025-04-24 05:40:33,297 INFO: AI ENGINE running ...
2025-04-24 05:45:00,006 INFO: SENSOR DATA By Hour Check : 24/04/2025 05:45:00
2025-04-24 05:45:03,286 INFO: SENSOR DATA By Hour Check : 24/04/2025 05:45:03
2025-04-24 05:45:04,297 INFO: SENSOR DATA By Hour Last update : 24/04/2025 05:45:00
2025-04-24 05:45:07,461 INFO: SENSOR DATA By Hour Last update : 24/04/2025 05:45:03
2025-04-24 05:48:09,879 INFO: AI ENGINE running ...
2025-04-24 05:55:42,620 INFO: AI ENGINE running ...
2025-04-24 06:00:00,004 INFO: SENSOR DATA By Hour Check : 24/04/2025 06:00:00
2025-04-24 06:00:04,444 INFO: SENSOR DATA By Hour Last update : 24/04/2025 06:00:00
2025-04-24 06:00:04,444 INFO: SENSOR DATA By Hour Check : 24/04/2025 06:00:04
2025-04-24 06:00:05,164 INFO: SENSOR DATA By Hour Check : 24/04/2025 06:00:05
2025-04-24 06:00:08,934 INFO: SENSOR DATA By Hour Last update : 24/04/2025 06:00:04
2025-04-24 06:00:09,744 INFO: SENSOR DATA By Hour Last update : 24/04/2025 06:00:05
2025-04-24 06:00:18,924 INFO: SENSOR DATA By Hour Check : 24/04/2025 06:00:18
2025-04-24 06:00:23,049 INFO: SENSOR DATA By Hour Last update : 24/04/2025 06:00:18
2025-04-24 06:03:23,058 INFO: AI ENGINE running ...
2025-04-24 06:10:53,004 INFO: AI ENGINE running ...
2025-04-24 06:15:00,002 INFO: SENSOR DATA By Hour Check : 24/04/2025 06:15:00
2025-04-24 06:15:04,372 INFO: SENSOR DATA By Hour Check : 24/04/2025 06:15:04
2025-04-24 06:15:04,602 INFO: SENSOR DATA By Hour Last update : 24/04/2025 06:15:00
2025-04-24 06:15:08,765 INFO: SENSOR DATA By Hour Last update : 24/04/2025 06:15:04
2025-04-24 06:18:26,998 INFO: AI ENGINE running ...
2025-04-24 06:22:02,586 INFO: Inserting data in tbDamChay successful!
2025-04-24 06:22:02,586 INFO: Email sending time is out of range time send: 7 - 17 hours
2025-04-24 06:25:05,908 INFO: Inserting data in tbDamChay successful!
2025-04-24 06:25:05,908 INFO: Email sending time is out of range time send: 7 - 17 hours
2025-04-24 06:25:53,217 INFO: AI ENGINE running ...
2025-04-24 06:30:00,000 INFO: SENSOR DATA By Hour Check : 24/04/2025 06:30:00
2025-04-24 06:30:04,970 INFO: SENSOR DATA By Hour Last update : 24/04/2025 06:30:00
2025-04-24 06:30:06,478 INFO: SENSOR DATA By Hour Check : 24/04/2025 06:30:06
2025-04-24 06:30:10,660 INFO: SENSOR DATA By Hour Last update : 24/04/2025 06:30:06
2025-04-24 06:31:51,038 INFO: Inserting data in tbDamChay successful!
2025-04-24 06:31:51,038 INFO: Email sending time is out of range time send: 7 - 17 hours
2025-04-24 06:33:28,970 INFO: AI ENGINE running ...
2025-04-24 06:34:55,616 INFO: Inserting data in tbDamChay successful!
2025-04-24 06:34:55,616 INFO: Email sending time is out of range time send: 7 - 17 hours
2025-04-24 06:40:56,568 INFO: AI ENGINE running ...
2025-04-24 06:43:37,589 INFO: Inserting data in tbDamChay successful!
2025-04-24 06:43:37,589 INFO: Email sending time is out of range time send: 7 - 17 hours
2025-04-24 06:45:00,000 INFO: SENSOR DATA By Hour Check : 24/04/2025 06:45:00
2025-04-24 06:45:04,348 INFO: SENSOR DATA By Hour Last update : 24/04/2025 06:45:00
2025-04-24 06:45:09,176 INFO: SENSOR DATA By Hour Check : 24/04/2025 06:45:09
2025-04-24 06:45:13,368 INFO: SENSOR DATA By Hour Last update : 24/04/2025 06:45:09
2025-04-24 06:48:33,790 INFO: AI ENGINE running ...
2025-04-24 06:50:56,603 INFO: Inserting data in tbDamChay successful!
2025-04-24 06:50:56,603 INFO: Email sending time is out of range time send: 7 - 17 hours
2025-04-24 06:54:04,141 INFO: Inserting data in tbDamChay successful!
2025-04-24 06:54:04,141 INFO: Email sending time is out of range time send: 7 - 17 hours
2025-04-24 06:56:04,119 INFO: AI ENGINE running ...
2025-04-24 07:00:00,001 INFO: SENSOR DATA By Hour Check : 24/04/2025 07:00:00
2025-04-24 07:00:04,306 INFO: SENSOR DATA By Hour Last update : 24/04/2025 07:00:00
2025-04-24 07:00:04,306 INFO: SENSOR DATA By Hour Check : 24/04/2025 07:00:04
2025-04-24 07:00:08,085 INFO: SENSOR DATA By Hour Check : 24/04/2025 07:00:08
2025-04-24 07:00:08,681 INFO: SENSOR DATA By Hour Last update : 24/04/2025 07:00:04
2025-04-24 07:00:12,309 INFO: SENSOR DATA By Hour Last update : 24/04/2025 07:00:08
2025-04-24 07:00:19,411 INFO: Inserting data in tbDamChay successful!
2025-04-24 07:00:22,589 INFO: SENSOR DATA By Hour Check : 24/04/2025 07:00:22
2025-04-24 07:00:26,745 INFO: SENSOR DATA By Hour Last update : 24/04/2025 07:00:22
2025-04-24 07:03:21,303 INFO: Inserting data in tbDamChay successful!
2025-04-24 07:03:21,458 INFO: Starting send Email ...
2025-04-24 07:03:26,153 INFO: Email sent successfully!
2025-04-24 07:03:41,904 INFO: AI ENGINE running ...
2025-04-24 07:07:21,990 INFO: Inserting data in tbDamChay successful!
2025-04-24 07:07:22,144 INFO: Starting send Email ...
2025-04-24 07:07:27,525 INFO: Email sent successfully!
2025-04-24 07:10:22,307 INFO: Inserting data in tbDamChay successful!
2025-04-24 07:10:22,462 INFO: Starting send Email ...
2025-04-24 07:10:27,477 INFO: Email sent successfully!
2025-04-24 07:11:08,691 INFO: AI ENGINE running ...
2025-04-24 07:13:26,894 INFO: Inserting data in tbDamChay successful!
2025-04-24 07:13:27,049 INFO: Starting send Email ...
2025-04-24 07:13:32,048 INFO: Email sent successfully!
2025-04-24 07:15:00,003 INFO: SENSOR DATA By Hour Check : 24/04/2025 07:15:00
2025-04-24 07:15:00,998 INFO: SENSOR DATA By Hour Check : 24/04/2025 07:15:00
2025-04-24 07:15:04,663 INFO: SENSOR DATA By Hour Last update : 24/04/2025 07:15:00
2025-04-24 07:15:05,763 INFO: SENSOR DATA By Hour Last update : 24/04/2025 07:15:00
2025-04-24 07:17:18,742 INFO: Inserting data in tbDamChay successful!
2025-04-24 07:17:18,891 INFO: Starting send Email ...
2025-04-24 07:17:23,521 INFO: Email sent successfully!
2025-04-24 07:18:41,555 INFO: AI ENGINE running ...
2025-04-24 07:20:26,574 INFO: Inserting data in tbDamChay successful!
2025-04-24 07:20:26,729 INFO: Starting send Email ...
2025-04-24 07:20:32,029 INFO: Email sent successfully!
2025-04-24 07:24:13,516 INFO: Inserting data in tbDamChay successful!
2025-04-24 07:24:13,667 INFO: Starting send Email ...
2025-04-24 07:24:18,900 INFO: Email sent successfully!
2025-04-24 07:26:11,214 INFO: AI ENGINE running ...
2025-04-24 07:27:20,889 INFO: Inserting data in tbDamChay successful!
2025-04-24 07:27:21,043 INFO: Starting send Email ...
2025-04-24 07:27:25,923 INFO: Email sent successfully!
2025-04-24 07:30:00,001 INFO: SENSOR DATA By Hour Check : 24/04/2025 07:30:00
2025-04-24 07:30:04,901 INFO: SENSOR DATA By Hour Last update : 24/04/2025 07:30:00
2025-04-24 07:30:05,424 INFO: SENSOR DATA By Hour Check : 24/04/2025 07:30:05
2025-04-24 07:30:09,551 INFO: SENSOR DATA By Hour Last update : 24/04/2025 07:30:05
2025-04-24 07:31:27,265 INFO: Inserting data in tbDamChay successful!
2025-04-24 07:31:27,420 INFO: Starting send Email ...
2025-04-24 07:31:31,960 INFO: Email sent successfully!
2025-04-24 07:33:40,461 INFO: AI ENGINE running ...
2025-04-24 07:34:29,623 INFO: Inserting data in tbDamChay successful!
2025-04-24 07:34:29,777 INFO: Starting send Email ...
2025-04-24 07:34:34,777 INFO: Email sent successfully!
2025-04-24 07:38:42,900 INFO: Inserting data in tbDamChay successful!
2025-04-24 07:38:43,054 INFO: Starting send Email ...
2025-04-24 07:38:48,349 INFO: Email sent successfully!
2025-04-24 07:41:06,869 INFO: AI ENGINE running ...
2025-04-24 07:41:48,671 INFO: Inserting data in tbDamChay successful!
2025-04-24 07:41:48,823 INFO: Starting send Email ...
2025-04-24 07:41:53,521 INFO: Email sent successfully!
2025-04-24 07:45:00,004 INFO: SENSOR DATA By Hour Check : 24/04/2025 07:45:00
2025-04-24 07:45:00,125 INFO: SENSOR DATA By Hour Check : 24/04/2025 07:45:00
2025-04-24 07:45:05,188 INFO: SENSOR DATA By Hour Last update : 24/04/2025 07:45:00
2025-04-24 07:45:05,218 INFO: SENSOR DATA By Hour Last update : 24/04/2025 07:45:00
2025-04-24 07:45:49,208 INFO: Inserting data in tbDamChay successful!
2025-04-24 07:45:49,368 INFO: Starting send Email ...
2025-04-24 07:45:54,253 INFO: Email sent successfully!
2025-04-24 07:48:41,256 INFO: AI ENGINE running ...
2025-04-24 07:48:55,875 INFO: Inserting data in tbDamChay successful!
2025-04-24 07:48:56,035 INFO: Starting send Email ...
2025-04-24 07:49:00,626 INFO: Email sent successfully!
2025-04-24 07:53:16,118 INFO: Inserting data in tbDamChay successful!
2025-04-24 07:53:16,271 INFO: Starting send Email ...
2025-04-24 07:53:20,850 INFO: Email sent successfully!
2025-04-24 07:56:06,914 INFO: AI ENGINE running ...
2025-04-24 07:58:21,760 INFO: Inserting data in tbDamChay successful!
2025-04-24 07:58:21,908 INFO: Starting send Email ...
2025-04-24 07:58:26,536 INFO: Email sent successfully!
2025-04-24 08:00:00,006 INFO: SENSOR DATA By Hour Check : 24/04/2025 08:00:00
2025-04-24 08:00:04,453 INFO: SENSOR DATA By Hour Last update : 24/04/2025 08:00:00
2025-04-24 08:00:04,453 INFO: SENSOR DATA By Hour Check : 24/04/2025 08:00:04
2025-04-24 08:00:05,004 INFO: SENSOR DATA By Hour Check : 24/04/2025 08:00:05
2025-04-24 08:00:09,126 INFO: SENSOR DATA By Hour Last update : 24/04/2025 08:00:04
2025-04-24 08:00:09,666 INFO: SENSOR DATA By Hour Last update : 24/04/2025 08:00:05
2025-04-24 08:00:18,786 INFO: SENSOR DATA By Hour Check : 24/04/2025 08:00:18
2025-04-24 08:00:22,846 INFO: SENSOR DATA By Hour Last update : 24/04/2025 08:00:18
2025-04-24 08:03:00,489 INFO: Inserting data in tbDamChay successful!
2025-04-24 08:03:00,643 INFO: Starting send Email ...
2025-04-24 08:03:05,870 INFO: Email sent successfully!
2025-04-24 08:03:46,948 INFO: AI ENGINE running ...
2025-04-24 08:07:31,920 INFO: Inserting data in tbDamChay successful!
2025-04-24 08:07:32,070 INFO: Starting send Email ...
2025-04-24 08:07:36,290 INFO: Email sent successfully!
2025-04-24 08:10:38,360 INFO: Inserting data in tbDamChay successful!
2025-04-24 08:10:38,512 INFO: Starting send Email ...
2025-04-24 08:10:43,009 INFO: Email sent successfully!
2025-04-24 08:11:17,030 INFO: AI ENGINE running ...
2025-04-24 08:15:00,004 INFO: SENSOR DATA By Hour Check : 24/04/2025 08:15:00
2025-04-24 08:15:04,463 INFO: SENSOR DATA By Hour Check : 24/04/2025 08:15:04
2025-04-24 08:15:04,524 INFO: SENSOR DATA By Hour Last update : 24/04/2025 08:15:00
2025-04-24 08:15:08,723 INFO: SENSOR DATA By Hour Last update : 24/04/2025 08:15:04
2025-04-24 08:18:43,604 INFO: AI ENGINE running ...
2025-04-24 08:19:43,643 INFO: Inserting data in tbDamChay successful!
2025-04-24 08:19:43,795 INFO: Starting send Email ...
2025-04-24 08:19:48,893 INFO: Email sent successfully!
2025-04-24 08:22:49,678 INFO: Inserting data in tbDamChay successful!
2025-04-24 08:22:49,839 INFO: Starting send Email ...
2025-04-24 08:22:54,927 INFO: Email sent successfully!
2025-04-24 08:26:13,081 INFO: AI ENGINE running ...
2025-04-24 08:26:47,696 INFO: Inserting data in tbDamChay successful!
2025-04-24 08:26:47,844 INFO: Starting send Email ...
2025-04-24 08:26:52,624 INFO: Email sent successfully!
2025-04-24 08:29:55,231 INFO: Inserting data in tbDamChay successful!
2025-04-24 08:29:55,388 INFO: Starting send Email ...
2025-04-24 08:29:59,377 INFO: Email sent successfully!
2025-04-24 08:30:00,001 INFO: SENSOR DATA By Hour Check : 24/04/2025 08:30:00
2025-04-24 08:30:04,398 INFO: SENSOR DATA By Hour Last update : 24/04/2025 08:30:00
2025-04-24 08:30:07,427 INFO: SENSOR DATA By Hour Check : 24/04/2025 08:30:07
2025-04-24 08:30:11,671 INFO: SENSOR DATA By Hour Last update : 24/04/2025 08:30:07
2025-04-24 08:33:50,353 INFO: AI ENGINE running ...
2025-04-24 08:41:24,327 INFO: AI ENGINE running ...
2025-04-24 08:43:43,090 INFO: Inserting data in tbDamChay successful!
2025-04-24 08:43:43,241 INFO: Starting send Email ...
2025-04-24 08:43:47,220 INFO: Email sent successfully!
2025-04-24 08:45:00,004 INFO: SENSOR DATA By Hour Check : 24/04/2025 08:45:00
2025-04-24 08:45:04,639 INFO: SENSOR DATA By Hour Last update : 24/04/2025 08:45:00
2025-04-24 08:45:06,536 INFO: SENSOR DATA By Hour Check : 24/04/2025 08:45:06
2025-04-24 08:45:10,679 INFO: SENSOR DATA By Hour Last update : 24/04/2025 08:45:06
2025-04-24 08:48:56,466 INFO: AI ENGINE running ...
2025-04-24 08:53:13,507 INFO: Inserting data in tbDamChay successful!
2025-04-24 08:53:13,662 INFO: Starting send Email ...
2025-04-24 08:53:18,112 INFO: Email sent successfully!
2025-04-24 08:56:24,374 INFO: AI ENGINE running ...
2025-04-24 08:58:47,455 WARNING: [MAIN] Ctrl+C detected. Stopping services...
2025-04-24 08:58:47,458 INFO: [MAIN] Camera subprocess terminated.
2025-04-24 08:58:47,458 INFO: [MAIN] SQL Data notification process terminated
2025-04-24 08:58:47,470 INFO: [MAIN] Sensor by HOUR process terminated
2025-04-24 08:59:31,917 INFO: Starting AI Engine Service with config: D:\ChayRungProject\FireDetector\input.json
2025-04-24 08:59:31,927 INFO: [DB CONFIG] Database configured: WFDS on 192.168.54.39
2025-04-24 08:59:31,937 INFO: SENSOR DATA SQL Working on data sensor done...
2025-04-24 08:59:31,937 INFO: [CONFIG] Image folder: D:\EWFDS\wwwroot\img\SocSon\ImgForAI
2025-04-24 08:59:31,937 INFO: [CONFIG] Save results to: D:\EWFDS\wwwroot\img\SocSon\KetQuaAI
2025-04-24 08:59:31,957 INFO: Using device: CUDA
2025-04-24 08:59:31,957 INFO: Yolo folder: D:\ChayRungProject\FireDetector\ModelLoader\trained
2025-04-24 08:59:32,197 INFO: [DB CONFIG] Database configured: WFDS on 192.168.54.39
